{"C:\\Personal\\Project\\VS code\\movies-api\\api\\users\\userModel.js":{"path":"C:\\Personal\\Project\\VS code\\movies-api\\api\\users\\userModel.js","statementMap":{"0":{"start":{"line":3,"column":29},"end":{"line":3,"column":84}},"1":{"start":{"line":4,"column":0},"end":{"line":6,"column":3}},"2":{"start":{"line":7,"column":0},"end":{"line":7,"column":28}},"3":{"start":{"line":8,"column":16},"end":{"line":8,"column":59}},"4":{"start":{"line":9,"column":20},"end":{"line":9,"column":68}},"5":{"start":{"line":10,"column":13},"end":{"line":10,"column":40}},"6":{"start":{"line":11,"column":17},"end":{"line":28,"column":2}},"7":{"start":{"line":29,"column":0},"end":{"line":33,"column":2}},"8":{"start":{"line":30,"column":2},"end":{"line":32,"column":5}},"9":{"start":{"line":34,"column":0},"end":{"line":41,"column":2}},"10":{"start":{"line":35,"column":2},"end":{"line":40,"column":5}},"11":{"start":{"line":36,"column":4},"end":{"line":38,"column":5}},"12":{"start":{"line":37,"column":6},"end":{"line":37,"column":27}},"13":{"start":{"line":39,"column":4},"end":{"line":39,"column":28}},"14":{"start":{"line":42,"column":0},"end":{"line":60,"column":3}},"15":{"start":{"line":43,"column":13},"end":{"line":43,"column":17}},"16":{"start":{"line":44,"column":2},"end":{"line":59,"column":3}},"17":{"start":{"line":45,"column":4},"end":{"line":56,"column":7}},"18":{"start":{"line":46,"column":6},"end":{"line":48,"column":7}},"19":{"start":{"line":47,"column":8},"end":{"line":47,"column":25}},"20":{"start":{"line":49,"column":6},"end":{"line":55,"column":9}},"21":{"start":{"line":50,"column":8},"end":{"line":52,"column":9}},"22":{"start":{"line":51,"column":10},"end":{"line":51,"column":27}},"23":{"start":{"line":53,"column":8},"end":{"line":53,"column":29}},"24":{"start":{"line":54,"column":8},"end":{"line":54,"column":15}},"25":{"start":{"line":58,"column":4},"end":{"line":58,"column":18}},"26":{"start":{"line":61,"column":15},"end":{"line":61,"column":61}},"27":{"start":{"line":62,"column":0},"end":{"line":62,"column":30}}},"fnMap":{"0":{"name":"(anonymous_0)","decl":{"start":{"line":29,"column":36},"end":{"line":29,"column":37}},"loc":{"start":{"line":29,"column":56},"end":{"line":33,"column":1}},"line":29},"1":{"name":"(anonymous_1)","decl":{"start":{"line":34,"column":37},"end":{"line":34,"column":38}},"loc":{"start":{"line":34,"column":64},"end":{"line":41,"column":1}},"line":34},"2":{"name":"(anonymous_2)","decl":{"start":{"line":35,"column":57},"end":{"line":35,"column":58}},"loc":{"start":{"line":35,"column":81},"end":{"line":40,"column":3}},"line":35},"3":{"name":"(anonymous_3)","decl":{"start":{"line":42,"column":23},"end":{"line":42,"column":24}},"loc":{"start":{"line":42,"column":39},"end":{"line":60,"column":1}},"line":42},"4":{"name":"(anonymous_4)","decl":{"start":{"line":45,"column":41},"end":{"line":45,"column":42}},"loc":{"start":{"line":45,"column":62},"end":{"line":56,"column":5}},"line":45},"5":{"name":"(anonymous_5)","decl":{"start":{"line":49,"column":63},"end":{"line":49,"column":64}},"loc":{"start":{"line":49,"column":84},"end":{"line":55,"column":7}},"line":49}},"branchMap":{"0":{"loc":{"start":{"line":36,"column":4},"end":{"line":38,"column":5}},"type":"if","locations":[{"start":{"line":36,"column":4},"end":{"line":38,"column":5}},{"start":{"line":36,"column":4},"end":{"line":38,"column":5}}],"line":36},"1":{"loc":{"start":{"line":44,"column":2},"end":{"line":59,"column":3}},"type":"if","locations":[{"start":{"line":44,"column":2},"end":{"line":59,"column":3}},{"start":{"line":44,"column":2},"end":{"line":59,"column":3}}],"line":44},"2":{"loc":{"start":{"line":44,"column":6},"end":{"line":44,"column":47}},"type":"binary-expr","locations":[{"start":{"line":44,"column":6},"end":{"line":44,"column":33}},{"start":{"line":44,"column":37},"end":{"line":44,"column":47}}],"line":44},"3":{"loc":{"start":{"line":46,"column":6},"end":{"line":48,"column":7}},"type":"if","locations":[{"start":{"line":46,"column":6},"end":{"line":48,"column":7}},{"start":{"line":46,"column":6},"end":{"line":48,"column":7}}],"line":46},"4":{"loc":{"start":{"line":50,"column":8},"end":{"line":52,"column":9}},"type":"if","locations":[{"start":{"line":50,"column":8},"end":{"line":52,"column":9}},{"start":{"line":50,"column":8},"end":{"line":52,"column":9}}],"line":50}},"s":{"0":1,"1":1,"2":1,"3":1,"4":1,"5":1,"6":1,"7":1,"8":5,"9":1,"10":0,"11":0,"12":0,"13":0,"14":1,"15":21,"16":21,"17":19,"18":19,"19":0,"20":19,"21":19,"22":0,"23":19,"24":19,"25":2,"26":1,"27":1},"f":{"0":5,"1":0,"2":0,"3":21,"4":19,"5":19},"b":{"0":[0,0],"1":[19,2],"2":[21,2],"3":[0,19],"4":[0,19]},"inputSourceMap":{"version":3,"names":["Schema","mongoose","UserSchema","username","type","String","unique","required","password","favourites","Types","ObjectId","ref","email","statics","findByUserName","findOne","methods","comparePassword","passw","callback","bcrypt","compare","err","isMatch","pre","next","user","isModified","isNew","genSalt","salt","hash","model"],"sourceRoot":"C:\\Personal\\Project\\VS code\\movies-api\\api\\users\\","sources":["userModel.js"],"sourcesContent":["import mongoose from 'mongoose';\r\nimport bcrypt from 'bcrypt-nodejs';\r\n\r\nconst Schema = mongoose.Schema;\r\n\r\n\r\n\r\nconst UserSchema = new Schema({\r\n  username: { type: String, unique: true, required: true},\r\n  password: {type: String, required: true },\r\n  favourites: [{type: mongoose.Schema.Types.ObjectId, ref: 'Movies'}],\r\n  email:{type:String}\r\n});\r\n\r\nUserSchema.statics.findByUserName = function (username) {\r\n  return this.findOne({ username: username });\r\n};\r\n\r\nUserSchema.methods.comparePassword = function (passw, callback) {\r\n  bcrypt.compare(passw, this.password, (err, isMatch) => {\r\n    if (err) {\r\n      return callback(err);\r\n    }\r\n    callback(null, isMatch);\r\n  });\r\n};\r\n\r\nUserSchema.pre('save', function(next) {\r\n  const user = this;\r\n  if (this.isModified('password') || this.isNew) {\r\n      bcrypt.genSalt(10, (err, salt)=> {\r\n          if (err) {\r\n              return next(err);\r\n          }\r\n          bcrypt.hash(user.password, salt, null, (err, hash)=> {\r\n              if (err) {\r\n                  return next(err);\r\n              }\r\n              user.password = hash;\r\n              next();\r\n          });\r\n      });\r\n  } else {\r\n      return next();\r\n  }\r\n});\r\n\r\nexport default mongoose.model('User', UserSchema);"],"mappings":";;;;;;;AAAA;AACA;AAEA,IAAMA,MAAM,GAAGC,oBAAQ,CAACD,MAAM;AAI9B,IAAME,UAAU,GAAG,IAAIF,MAAM,CAAC;EAC5BG,QAAQ,EAAE;IAAEC,IAAI,EAAEC,MAAM;IAAEC,MAAM,EAAE,IAAI;IAAEC,QAAQ,EAAE;EAAI,CAAC;EACvDC,QAAQ,EAAE;IAACJ,IAAI,EAAEC,MAAM;IAAEE,QAAQ,EAAE;EAAK,CAAC;EACzCE,UAAU,EAAE,CAAC;IAACL,IAAI,EAAEH,oBAAQ,CAACD,MAAM,CAACU,KAAK,CAACC,QAAQ;IAAEC,GAAG,EAAE;EAAQ,CAAC,CAAC;EACnEC,KAAK,EAAC;IAACT,IAAI,EAACC;EAAM;AACpB,CAAC,CAAC;AAEFH,UAAU,CAACY,OAAO,CAACC,cAAc,GAAG,UAAUZ,QAAQ,EAAE;EACtD,OAAO,IAAI,CAACa,OAAO,CAAC;IAAEb,QAAQ,EAAEA;EAAS,CAAC,CAAC;AAC7C,CAAC;AAEDD,UAAU,CAACe,OAAO,CAACC,eAAe,GAAG,UAAUC,KAAK,EAAEC,QAAQ,EAAE;EAC9DC,wBAAM,CAACC,OAAO,CAACH,KAAK,EAAE,IAAI,CAACX,QAAQ,EAAE,UAACe,GAAG,EAAEC,OAAO,EAAK;IACrD,IAAID,GAAG,EAAE;MACP,OAAOH,QAAQ,CAACG,GAAG,CAAC;IACtB;IACAH,QAAQ,CAAC,IAAI,EAAEI,OAAO,CAAC;EACzB,CAAC,CAAC;AACJ,CAAC;AAEDtB,UAAU,CAACuB,GAAG,CAAC,MAAM,EAAE,UAASC,IAAI,EAAE;EACpC,IAAMC,IAAI,GAAG,IAAI;EACjB,IAAI,IAAI,CAACC,UAAU,CAAC,UAAU,CAAC,IAAI,IAAI,CAACC,KAAK,EAAE;IAC3CR,wBAAM,CAACS,OAAO,CAAC,EAAE,EAAE,UAACP,GAAG,EAAEQ,IAAI,EAAI;MAC7B,IAAIR,GAAG,EAAE;QACL,OAAOG,IAAI,CAACH,GAAG,CAAC;MACpB;MACAF,wBAAM,CAACW,IAAI,CAACL,IAAI,CAACnB,QAAQ,EAAEuB,IAAI,EAAE,IAAI,EAAE,UAACR,GAAG,EAAES,IAAI,EAAI;QACjD,IAAIT,GAAG,EAAE;UACL,OAAOG,IAAI,CAACH,GAAG,CAAC;QACpB;QACAI,IAAI,CAACnB,QAAQ,GAAGwB,IAAI;QACpBN,IAAI,EAAE;MACV,CAAC,CAAC;IACN,CAAC,CAAC;EACN,CAAC,MAAM;IACH,OAAOA,IAAI,EAAE;EACjB;AACF,CAAC,CAAC;AAAC,eAEYzB,oBAAQ,CAACgC,KAAK,CAAC,MAAM,EAAE/B,UAAU,CAAC;AAAA"},"_coverageSchema":"1a1c01bbd47fc00a2c39e90264f33305004495a9","hash":"debd3838eb6b596b3c3ea02dbaa7dd2f1ee65fc7","contentHash":"ba1e2bb86b467e39e45db8cdb5eda3252b908985d11db48e287646076f78bc36"},"C:\\Personal\\Project\\VS code\\movies-api\\index.js":{"path":"C:\\Personal\\Project\\VS code\\movies-api\\index.js","statementMap":{"0":{"start":{"line":3,"column":29},"end":{"line":3,"column":84}},"1":{"start":{"line":4,"column":0},"end":{"line":4,"column":16}},"2":{"start":{"line":5,"column":0},"end":{"line":5,"column":22}},"3":{"start":{"line":6,"column":14},"end":{"line":6,"column":55}},"4":{"start":{"line":7,"column":15},"end":{"line":7,"column":57}},"5":{"start":{"line":8,"column":14},"end":{"line":8,"column":61}},"6":{"start":{"line":9,"column":14},"end":{"line":9,"column":61}},"7":{"start":{"line":10,"column":13},"end":{"line":10,"column":59}},"8":{"start":{"line":11,"column":15},"end":{"line":11,"column":63}},"9":{"start":{"line":12,"column":20},"end":{"line":12,"column":69}},"10":{"start":{"line":13,"column":16},"end":{"line":13,"column":59}},"11":{"start":{"line":14,"column":12},"end":{"line":14,"column":64}},"12":{"start":{"line":15,"column":0},"end":{"line":19,"column":1}},"13":{"start":{"line":16,"column":2},"end":{"line":16,"column":40}},"14":{"start":{"line":18,"column":2},"end":{"line":18,"column":40}},"15":{"start":{"line":20,"column":0},"end":{"line":20,"column":28}},"16":{"start":{"line":21,"column":17},"end":{"line":28,"column":1}},"17":{"start":{"line":24,"column":2},"end":{"line":26,"column":3}},"18":{"start":{"line":25,"column":4},"end":{"line":25,"column":57}},"19":{"start":{"line":27,"column":2},"end":{"line":27,"column":123}},"20":{"start":{"line":29,"column":10},"end":{"line":29,"column":36}},"21":{"start":{"line":30,"column":11},"end":{"line":30,"column":27}},"22":{"start":{"line":31,"column":0},"end":{"line":31,"column":36}},"23":{"start":{"line":32,"column":0},"end":{"line":32,"column":47}},"24":{"start":{"line":35,"column":0},"end":{"line":37,"column":22}},"25":{"start":{"line":38,"column":0},"end":{"line":38,"column":43}},"26":{"start":{"line":39,"column":0},"end":{"line":39,"column":43}},"27":{"start":{"line":40,"column":0},"end":{"line":40,"column":41}},"28":{"start":{"line":41,"column":0},"end":{"line":41,"column":45}},"29":{"start":{"line":42,"column":0},"end":{"line":42,"column":20}},"30":{"start":{"line":43,"column":13},"end":{"line":45,"column":2}},"31":{"start":{"line":44,"column":2},"end":{"line":44,"column":63}},"32":{"start":{"line":46,"column":0},"end":{"line":46,"column":24}}},"fnMap":{"0":{"name":"errHandler","decl":{"start":{"line":21,"column":26},"end":{"line":21,"column":36}},"loc":{"start":{"line":21,"column":58},"end":{"line":28,"column":1}},"line":21},"1":{"name":"(anonymous_1)","decl":{"start":{"line":43,"column":30},"end":{"line":43,"column":31}},"loc":{"start":{"line":43,"column":42},"end":{"line":45,"column":1}},"line":43}},"branchMap":{"0":{"loc":{"start":{"line":15,"column":0},"end":{"line":19,"column":1}},"type":"if","locations":[{"start":{"line":15,"column":0},"end":{"line":19,"column":1}},{"start":{"line":15,"column":0},"end":{"line":19,"column":1}}],"line":15},"1":{"loc":{"start":{"line":24,"column":2},"end":{"line":26,"column":3}},"type":"if","locations":[{"start":{"line":24,"column":2},"end":{"line":26,"column":3}},{"start":{"line":24,"column":2},"end":{"line":26,"column":3}}],"line":24}},"s":{"0":1,"1":1,"2":1,"3":1,"4":1,"5":1,"6":1,"7":1,"8":1,"9":1,"10":1,"11":1,"12":1,"13":1,"14":0,"15":1,"16":1,"17":17,"18":0,"19":17,"20":1,"21":1,"22":1,"23":1,"24":1,"25":1,"26":1,"27":1,"28":1,"29":1,"30":1,"31":1,"32":1},"f":{"0":17,"1":1},"b":{"0":[1,0],"1":[0,17]},"inputSourceMap":{"version":3,"names":["process","env","NODE_ENV","loglevel","setLevel","dotenv","config","errHandler","err","req","res","next","status","send","stack","app","express","port","PORT","use","json","passport","initialize","authenticate","session","moviesAuthenticateRouter","moviesRouter","genresRouter","usersRouter","peopleRouter","server","listen","info","module","exports"],"sourceRoot":"C:\\Personal\\Project\\VS code\\movies-api\\","sources":["index.js"],"sourcesContent":["import './db';\r\nimport './seedData';\r\nimport dotenv from 'dotenv';\r\nimport express from 'express';\r\nimport moviesRouter from './api/movies';\r\nimport genresRouter from './api/genres';\r\nimport usersRouter from './api/users';\r\nimport peopleRouter from './api/peoples';\r\nimport passport from './authenticate';\r\nimport loglevel from 'loglevel';\r\nimport moviesAuthenticateRouter from './api/movies/tmdb';\r\n\r\n\r\nif (process.env.NODE_ENV === 'test') {\r\n  loglevel.setLevel('warn')\r\n  } else {\r\n  loglevel.setLevel('info')\r\n}\r\n\r\ndotenv.config();\r\n\r\nconst errHandler = (err, req, res, next) => {\r\n  /* if the error in development then send stack trace to display whole error,\r\n  if it's in production then just send error message  */\r\n  if(process.env.NODE_ENV === 'production') {\r\n    return res.status(500).send(`Something went wrong!`);\r\n  }\r\n  res.status(500).send(`Hey!! You caught the error 👍👍. Here's the details: ${err.stack} `);\r\n};\r\n\r\nconst app = express();\r\n\r\nconst port = process.env.PORT;\r\n\r\napp.use(express.json());\r\napp.use(passport.initialize());\r\n\r\n//app.use('/api/movies', passport.authenticate('jwt', {session: false}), moviesRouter);\r\napp.use('/api/movies/tmdb', passport.authenticate('jwt', { session: false }), moviesAuthenticateRouter);\r\napp.use('/api/movies', moviesRouter);\r\napp.use('/api/genres', genresRouter);\r\napp.use('/api/users', usersRouter);\r\napp.use('/api/peoples', peopleRouter);\r\napp.use(errHandler);\r\n\r\n\r\n\r\nlet server = app.listen(port, () => {\r\n  loglevel.info(`Server running at ${port}`);\r\n});\r\n\r\nmodule.exports = server"],"mappings":";;;AAAA;AACA;AACA;AACA;AACA;AACA;AACA;AACA;AACA;AACA;AACA;AAGA,IAAIA,OAAO,CAACC,GAAG,CAACC,QAAQ,KAAK,MAAM,EAAE;EACnCC,oBAAQ,CAACC,QAAQ,CAAC,MAAM,CAAC;AACzB,CAAC,MAAM;EACPD,oBAAQ,CAACC,QAAQ,CAAC,MAAM,CAAC;AAC3B;AAEAC,kBAAM,CAACC,MAAM,EAAE;AAEf,IAAMC,UAAU,GAAG,SAAbA,UAAU,CAAIC,GAAG,EAAEC,GAAG,EAAEC,GAAG,EAAEC,IAAI,EAAK;EAC1C;AACF;EACE,IAAGX,OAAO,CAACC,GAAG,CAACC,QAAQ,KAAK,YAAY,EAAE;IACxC,OAAOQ,GAAG,CAACE,MAAM,CAAC,GAAG,CAAC,CAACC,IAAI,yBAAyB;EACtD;EACAH,GAAG,CAACE,MAAM,CAAC,GAAG,CAAC,CAACC,IAAI,oFAAyDL,GAAG,CAACM,KAAK,OAAI;AAC5F,CAAC;AAED,IAAMC,GAAG,GAAG,IAAAC,mBAAO,GAAE;AAErB,IAAMC,IAAI,GAAGjB,OAAO,CAACC,GAAG,CAACiB,IAAI;AAE7BH,GAAG,CAACI,GAAG,CAACH,mBAAO,CAACI,IAAI,EAAE,CAAC;AACvBL,GAAG,CAACI,GAAG,CAACE,wBAAQ,CAACC,UAAU,EAAE,CAAC;;AAE9B;AACAP,GAAG,CAACI,GAAG,CAAC,kBAAkB,EAAEE,wBAAQ,CAACE,YAAY,CAAC,KAAK,EAAE;EAAEC,OAAO,EAAE;AAAM,CAAC,CAAC,EAAEC,gBAAwB,CAAC;AACvGV,GAAG,CAACI,GAAG,CAAC,aAAa,EAAEO,kBAAY,CAAC;AACpCX,GAAG,CAACI,GAAG,CAAC,aAAa,EAAEQ,kBAAY,CAAC;AACpCZ,GAAG,CAACI,GAAG,CAAC,YAAY,EAAES,iBAAW,CAAC;AAClCb,GAAG,CAACI,GAAG,CAAC,cAAc,EAAEU,mBAAY,CAAC;AACrCd,GAAG,CAACI,GAAG,CAACZ,UAAU,CAAC;AAInB,IAAIuB,MAAM,GAAGf,GAAG,CAACgB,MAAM,CAACd,IAAI,EAAE,YAAM;EAClCd,oBAAQ,CAAC6B,IAAI,6BAAsBf,IAAI,EAAG;AAC5C,CAAC,CAAC;AAEFgB,MAAM,CAACC,OAAO,GAAGJ,MAAM"},"_coverageSchema":"1a1c01bbd47fc00a2c39e90264f33305004495a9","hash":"d17936482bbe63d3398f3b17475a87f442a15cdc","contentHash":"dbc6f042e635e219f32ab16762d7ac3a0452882b86c8a9d6ab275fe376ff9526"},"C:\\Personal\\Project\\VS code\\movies-api\\db\\index.js":{"path":"C:\\Personal\\Project\\VS code\\movies-api\\db\\index.js","statementMap":{"0":{"start":{"line":3,"column":29},"end":{"line":3,"column":84}},"1":{"start":{"line":4,"column":14},"end":{"line":4,"column":55}},"2":{"start":{"line":5,"column":16},"end":{"line":5,"column":59}},"3":{"start":{"line":6,"column":0},"end":{"line":6,"column":28}},"4":{"start":{"line":9,"column":0},"end":{"line":9,"column":51}},"5":{"start":{"line":10,"column":9},"end":{"line":10,"column":40}},"6":{"start":{"line":11,"column":0},"end":{"line":13,"column":3}},"7":{"start":{"line":12,"column":2},"end":{"line":12,"column":57}},"8":{"start":{"line":14,"column":0},"end":{"line":16,"column":3}},"9":{"start":{"line":15,"column":2},"end":{"line":15,"column":39}},"10":{"start":{"line":17,"column":0},"end":{"line":19,"column":3}},"11":{"start":{"line":18,"column":2},"end":{"line":18,"column":80}}},"fnMap":{"0":{"name":"(anonymous_0)","decl":{"start":{"line":11,"column":15},"end":{"line":11,"column":16}},"loc":{"start":{"line":11,"column":30},"end":{"line":13,"column":1}},"line":11},"1":{"name":"(anonymous_1)","decl":{"start":{"line":14,"column":22},"end":{"line":14,"column":23}},"loc":{"start":{"line":14,"column":34},"end":{"line":16,"column":1}},"line":14},"2":{"name":"(anonymous_2)","decl":{"start":{"line":17,"column":16},"end":{"line":17,"column":17}},"loc":{"start":{"line":17,"column":28},"end":{"line":19,"column":1}},"line":17}},"branchMap":{},"s":{"0":1,"1":1,"2":1,"3":1,"4":1,"5":1,"6":1,"7":0,"8":1,"9":0,"10":1,"11":1},"f":{"0":0,"1":0,"2":1},"b":{},"inputSourceMap":{"version":3,"names":["dotenv","config","mongoose","connect","process","env","MONGO_DB","db","connection","on","err","console","log","once","name","host"],"sourceRoot":"C:\\Personal\\Project\\VS code\\movies-api\\db\\","sources":["index.js"],"sourcesContent":["\r\nimport dotenv from 'dotenv';\r\nimport mongoose from 'mongoose';\r\n\r\ndotenv.config();\r\n\r\n// Connect to database\r\nmongoose.connect(process.env.MONGO_DB);\r\nconst db = mongoose.connection;\r\n\r\ndb.on('error', (err) => {\r\n    console.log(`database connection error: ${err}`);\r\n});\r\ndb.on('disconnected', () => {\r\n    console.log('database disconnected');\r\n});\r\ndb.once('open', () => {\r\n    console.log(`database connected to ${db.name} on ${db.host}`);\r\n})"],"mappings":";;;AACA;AACA;AAEAA,kBAAM,CAACC,MAAM,EAAE;;AAEf;AACAC,oBAAQ,CAACC,OAAO,CAACC,OAAO,CAACC,GAAG,CAACC,QAAQ,CAAC;AACtC,IAAMC,EAAE,GAAGL,oBAAQ,CAACM,UAAU;AAE9BD,EAAE,CAACE,EAAE,CAAC,OAAO,EAAE,UAACC,GAAG,EAAK;EACpBC,OAAO,CAACC,GAAG,sCAA+BF,GAAG,EAAG;AACpD,CAAC,CAAC;AACFH,EAAE,CAACE,EAAE,CAAC,cAAc,EAAE,YAAM;EACxBE,OAAO,CAACC,GAAG,CAAC,uBAAuB,CAAC;AACxC,CAAC,CAAC;AACFL,EAAE,CAACM,IAAI,CAAC,MAAM,EAAE,YAAM;EAClBF,OAAO,CAACC,GAAG,iCAA0BL,EAAE,CAACO,IAAI,iBAAOP,EAAE,CAACQ,IAAI,EAAG;AACjE,CAAC,CAAC"},"_coverageSchema":"1a1c01bbd47fc00a2c39e90264f33305004495a9","hash":"8d7840e0fd4716cdcabe5de8b6448a6f04bb1c15","contentHash":"463a6dd78895963605c59fb1eeead765eac26c3b7aaf1f0da32853dbb853f3f7"},"C:\\Personal\\Project\\VS code\\movies-api\\seedData\\index.js":{"path":"C:\\Personal\\Project\\VS code\\movies-api\\seedData\\index.js","statementMap":{"0":{"start":{"line":3,"column":29},"end":{"line":3,"column":84}},"1":{"start":{"line":4,"column":0},"end":{"line":6,"column":3}},"2":{"start":{"line":7,"column":0},"end":{"line":7,"column":32}},"3":{"start":{"line":8,"column":0},"end":{"line":8,"column":34}},"4":{"start":{"line":9,"column":19},"end":{"line":9,"column":80}},"5":{"start":{"line":10,"column":25},"end":{"line":10,"column":99}},"6":{"start":{"line":11,"column":17},"end":{"line":11,"column":74}},"7":{"start":{"line":12,"column":19},"end":{"line":12,"column":79}},"8":{"start":{"line":13,"column":18},"end":{"line":13,"column":77}},"9":{"start":{"line":14,"column":19},"end":{"line":14,"column":80}},"10":{"start":{"line":15,"column":14},"end":{"line":15,"column":60}},"11":{"start":{"line":16,"column":13},"end":{"line":16,"column":55}},"12":{"start":{"line":17,"column":14},"end":{"line":17,"column":57}},"13":{"start":{"line":18,"column":15},"end":{"line":18,"column":59}},"14":{"start":{"line":19,"column":14},"end":{"line":19,"column":55}},"15":{"start":{"line":20,"column":0},"end":{"line":20,"column":28}},"16":{"start":{"line":22,"column":2},"end":{"line":22,"column":44}},"17":{"start":{"line":25,"column":2},"end":{"line":50,"column":6}},"18":{"start":{"line":26,"column":4},"end":{"line":49,"column":33}},"19":{"start":{"line":27,"column":6},"end":{"line":48,"column":7}},"20":{"start":{"line":27,"column":16},"end":{"line":48,"column":7}},"21":{"start":{"line":29,"column":10},"end":{"line":29,"column":40}},"22":{"start":{"line":30,"column":10},"end":{"line":30,"column":49}},"23":{"start":{"line":31,"column":10},"end":{"line":31,"column":28}},"24":{"start":{"line":32,"column":10},"end":{"line":32,"column":28}},"25":{"start":{"line":33,"column":10},"end":{"line":33,"column":53}},"26":{"start":{"line":35,"column":10},"end":{"line":35,"column":28}},"27":{"start":{"line":36,"column":10},"end":{"line":36,"column":82}},"28":{"start":{"line":38,"column":10},"end":{"line":38,"column":98}},"29":{"start":{"line":39,"column":10},"end":{"line":39,"column":29}},"30":{"start":{"line":40,"column":10},"end":{"line":40,"column":16}},"31":{"start":{"line":42,"column":10},"end":{"line":42,"column":29}},"32":{"start":{"line":43,"column":10},"end":{"line":43,"column":45}},"33":{"start":{"line":44,"column":10},"end":{"line":44,"column":75}},"34":{"start":{"line":47,"column":10},"end":{"line":47,"column":33}},"35":{"start":{"line":51,"column":2},"end":{"line":51,"column":44}},"36":{"start":{"line":54,"column":2},"end":{"line":54,"column":43}},"37":{"start":{"line":57,"column":2},"end":{"line":83,"column":6}},"38":{"start":{"line":58,"column":4},"end":{"line":82,"column":33}},"39":{"start":{"line":59,"column":6},"end":{"line":81,"column":7}},"40":{"start":{"line":59,"column":16},"end":{"line":81,"column":7}},"41":{"start":{"line":61,"column":10},"end":{"line":61,"column":40}},"42":{"start":{"line":62,"column":10},"end":{"line":62,"column":29}},"43":{"start":{"line":63,"column":10},"end":{"line":63,"column":29}},"44":{"start":{"line":64,"column":10},"end":{"line":64,"column":52}},"45":{"start":{"line":66,"column":10},"end":{"line":66,"column":29}},"46":{"start":{"line":67,"column":10},"end":{"line":69,"column":13}},"47":{"start":{"line":68,"column":12},"end":{"line":68,"column":54}},"48":{"start":{"line":71,"column":10},"end":{"line":71,"column":96}},"49":{"start":{"line":72,"column":10},"end":{"line":72,"column":30}},"50":{"start":{"line":73,"column":10},"end":{"line":73,"column":16}},"51":{"start":{"line":75,"column":10},"end":{"line":75,"column":29}},"52":{"start":{"line":76,"column":10},"end":{"line":76,"column":47}},"53":{"start":{"line":77,"column":10},"end":{"line":77,"column":75}},"54":{"start":{"line":80,"column":10},"end":{"line":80,"column":34}},"55":{"start":{"line":84,"column":2},"end":{"line":84,"column":43}},"56":{"start":{"line":87,"column":2},"end":{"line":87,"column":44}},"57":{"start":{"line":90,"column":2},"end":{"line":114,"column":6}},"58":{"start":{"line":91,"column":4},"end":{"line":113,"column":33}},"59":{"start":{"line":92,"column":6},"end":{"line":112,"column":7}},"60":{"start":{"line":92,"column":16},"end":{"line":112,"column":7}},"61":{"start":{"line":94,"column":10},"end":{"line":94,"column":41}},"62":{"start":{"line":95,"column":10},"end":{"line":95,"column":29}},"63":{"start":{"line":96,"column":10},"end":{"line":96,"column":29}},"64":{"start":{"line":97,"column":10},"end":{"line":97,"column":54}},"65":{"start":{"line":99,"column":10},"end":{"line":99,"column":29}},"66":{"start":{"line":100,"column":10},"end":{"line":100,"column":83}},"67":{"start":{"line":102,"column":10},"end":{"line":102,"column":107}},"68":{"start":{"line":103,"column":10},"end":{"line":103,"column":30}},"69":{"start":{"line":104,"column":10},"end":{"line":104,"column":16}},"70":{"start":{"line":106,"column":10},"end":{"line":106,"column":29}},"71":{"start":{"line":107,"column":10},"end":{"line":107,"column":47}},"72":{"start":{"line":108,"column":10},"end":{"line":108,"column":77}},"73":{"start":{"line":111,"column":10},"end":{"line":111,"column":34}},"74":{"start":{"line":115,"column":2},"end":{"line":115,"column":44}},"75":{"start":{"line":118,"column":2},"end":{"line":118,"column":45}},"76":{"start":{"line":121,"column":2},"end":{"line":145,"column":6}},"77":{"start":{"line":122,"column":4},"end":{"line":144,"column":33}},"78":{"start":{"line":123,"column":6},"end":{"line":143,"column":7}},"79":{"start":{"line":123,"column":16},"end":{"line":143,"column":7}},"80":{"start":{"line":125,"column":10},"end":{"line":125,"column":42}},"81":{"start":{"line":126,"column":10},"end":{"line":126,"column":29}},"82":{"start":{"line":127,"column":10},"end":{"line":127,"column":29}},"83":{"start":{"line":128,"column":10},"end":{"line":128,"column":54}},"84":{"start":{"line":130,"column":10},"end":{"line":130,"column":29}},"85":{"start":{"line":131,"column":10},"end":{"line":131,"column":84}},"86":{"start":{"line":133,"column":10},"end":{"line":133,"column":100}},"87":{"start":{"line":134,"column":10},"end":{"line":134,"column":30}},"88":{"start":{"line":135,"column":10},"end":{"line":135,"column":16}},"89":{"start":{"line":137,"column":10},"end":{"line":137,"column":29}},"90":{"start":{"line":138,"column":10},"end":{"line":138,"column":47}},"91":{"start":{"line":139,"column":10},"end":{"line":139,"column":77}},"92":{"start":{"line":142,"column":10},"end":{"line":142,"column":34}},"93":{"start":{"line":146,"column":2},"end":{"line":146,"column":45}},"94":{"start":{"line":148,"column":0},"end":{"line":153,"column":1}},"95":{"start":{"line":149,"column":2},"end":{"line":149,"column":14}},"96":{"start":{"line":150,"column":2},"end":{"line":150,"column":15}},"97":{"start":{"line":151,"column":2},"end":{"line":151,"column":15}},"98":{"start":{"line":152,"column":2},"end":{"line":152,"column":16}}},"fnMap":{"0":{"name":"loadMovies","decl":{"start":{"line":21,"column":9},"end":{"line":21,"column":19}},"loc":{"start":{"line":21,"column":22},"end":{"line":23,"column":1}},"line":21},"1":{"name":"_loadMovies","decl":{"start":{"line":24,"column":9},"end":{"line":24,"column":20}},"loc":{"start":{"line":24,"column":23},"end":{"line":52,"column":1}},"line":24},"2":{"name":"_callee","decl":{"start":{"line":25,"column":103},"end":{"line":25,"column":110}},"loc":{"start":{"line":25,"column":113},"end":{"line":50,"column":3}},"line":25},"3":{"name":"_callee$","decl":{"start":{"line":26,"column":49},"end":{"line":26,"column":57}},"loc":{"start":{"line":26,"column":68},"end":{"line":49,"column":5}},"line":26},"4":{"name":"loadUsers","decl":{"start":{"line":53,"column":9},"end":{"line":53,"column":18}},"loc":{"start":{"line":53,"column":21},"end":{"line":55,"column":1}},"line":53},"5":{"name":"_loadUsers","decl":{"start":{"line":56,"column":9},"end":{"line":56,"column":19}},"loc":{"start":{"line":56,"column":22},"end":{"line":85,"column":1}},"line":56},"6":{"name":"_callee2","decl":{"start":{"line":57,"column":102},"end":{"line":57,"column":110}},"loc":{"start":{"line":57,"column":113},"end":{"line":83,"column":3}},"line":57},"7":{"name":"_callee2$","decl":{"start":{"line":58,"column":49},"end":{"line":58,"column":58}},"loc":{"start":{"line":58,"column":70},"end":{"line":82,"column":5}},"line":58},"8":{"name":"(anonymous_8)","decl":{"start":{"line":67,"column":43},"end":{"line":67,"column":44}},"loc":{"start":{"line":67,"column":59},"end":{"line":69,"column":11}},"line":67},"9":{"name":"loadGenres","decl":{"start":{"line":86,"column":9},"end":{"line":86,"column":19}},"loc":{"start":{"line":86,"column":22},"end":{"line":88,"column":1}},"line":86},"10":{"name":"_loadGenres","decl":{"start":{"line":89,"column":9},"end":{"line":89,"column":20}},"loc":{"start":{"line":89,"column":23},"end":{"line":116,"column":1}},"line":89},"11":{"name":"_callee3","decl":{"start":{"line":90,"column":103},"end":{"line":90,"column":111}},"loc":{"start":{"line":90,"column":114},"end":{"line":114,"column":3}},"line":90},"12":{"name":"_callee3$","decl":{"start":{"line":91,"column":49},"end":{"line":91,"column":58}},"loc":{"start":{"line":91,"column":70},"end":{"line":113,"column":5}},"line":91},"13":{"name":"loadPeoples","decl":{"start":{"line":117,"column":9},"end":{"line":117,"column":20}},"loc":{"start":{"line":117,"column":23},"end":{"line":119,"column":1}},"line":117},"14":{"name":"_loadPeoples","decl":{"start":{"line":120,"column":9},"end":{"line":120,"column":21}},"loc":{"start":{"line":120,"column":24},"end":{"line":147,"column":1}},"line":120},"15":{"name":"_callee4","decl":{"start":{"line":121,"column":104},"end":{"line":121,"column":112}},"loc":{"start":{"line":121,"column":115},"end":{"line":145,"column":3}},"line":121},"16":{"name":"_callee4$","decl":{"start":{"line":122,"column":49},"end":{"line":122,"column":58}},"loc":{"start":{"line":122,"column":70},"end":{"line":144,"column":5}},"line":122}},"branchMap":{"0":{"loc":{"start":{"line":27,"column":16},"end":{"line":48,"column":7}},"type":"switch","locations":[{"start":{"line":28,"column":8},"end":{"line":33,"column":53}},{"start":{"line":34,"column":8},"end":{"line":36,"column":82}},{"start":{"line":37,"column":8},"end":{"line":40,"column":16}},{"start":{"line":41,"column":8},"end":{"line":44,"column":75}},{"start":{"line":45,"column":8},"end":{"line":45,"column":16}},{"start":{"line":46,"column":8},"end":{"line":47,"column":33}}],"line":27},"1":{"loc":{"start":{"line":59,"column":16},"end":{"line":81,"column":7}},"type":"switch","locations":[{"start":{"line":60,"column":8},"end":{"line":64,"column":52}},{"start":{"line":65,"column":8},"end":{"line":69,"column":13}},{"start":{"line":70,"column":8},"end":{"line":73,"column":16}},{"start":{"line":74,"column":8},"end":{"line":77,"column":75}},{"start":{"line":78,"column":8},"end":{"line":78,"column":16}},{"start":{"line":79,"column":8},"end":{"line":80,"column":34}}],"line":59},"2":{"loc":{"start":{"line":92,"column":16},"end":{"line":112,"column":7}},"type":"switch","locations":[{"start":{"line":93,"column":8},"end":{"line":97,"column":54}},{"start":{"line":98,"column":8},"end":{"line":100,"column":83}},{"start":{"line":101,"column":8},"end":{"line":104,"column":16}},{"start":{"line":105,"column":8},"end":{"line":108,"column":77}},{"start":{"line":109,"column":8},"end":{"line":109,"column":16}},{"start":{"line":110,"column":8},"end":{"line":111,"column":34}}],"line":92},"3":{"loc":{"start":{"line":123,"column":16},"end":{"line":143,"column":7}},"type":"switch","locations":[{"start":{"line":124,"column":8},"end":{"line":128,"column":54}},{"start":{"line":129,"column":8},"end":{"line":131,"column":84}},{"start":{"line":132,"column":8},"end":{"line":135,"column":16}},{"start":{"line":136,"column":8},"end":{"line":139,"column":77}},{"start":{"line":140,"column":8},"end":{"line":140,"column":16}},{"start":{"line":141,"column":8},"end":{"line":142,"column":34}}],"line":123},"4":{"loc":{"start":{"line":148,"column":0},"end":{"line":153,"column":1}},"type":"if","locations":[{"start":{"line":148,"column":0},"end":{"line":153,"column":1}},{"start":{"line":148,"column":0},"end":{"line":153,"column":1}}],"line":148}},"s":{"0":1,"1":1,"2":1,"3":1,"4":1,"5":1,"6":1,"7":1,"8":1,"9":1,"10":1,"11":1,"12":1,"13":1,"14":1,"15":1,"16":1,"17":1,"18":1,"19":3,"20":3,"21":1,"22":1,"23":1,"24":1,"25":1,"26":1,"27":1,"28":0,"29":0,"30":0,"31":1,"32":1,"33":1,"34":1,"35":1,"36":1,"37":1,"38":1,"39":3,"40":4,"41":1,"42":1,"43":1,"44":1,"45":1,"46":1,"47":2,"48":1,"49":1,"50":1,"51":0,"52":0,"53":0,"54":1,"55":1,"56":1,"57":1,"58":1,"59":3,"60":4,"61":1,"62":1,"63":1,"64":1,"65":1,"66":1,"67":1,"68":1,"69":1,"70":0,"71":0,"72":0,"73":1,"74":1,"75":1,"76":1,"77":1,"78":3,"79":4,"80":1,"81":1,"82":1,"83":1,"84":1,"85":1,"86":1,"87":1,"88":1,"89":0,"90":0,"91":0,"92":1,"93":1,"94":1,"95":1,"96":1,"97":1,"98":1},"f":{"0":1,"1":1,"2":1,"3":3,"4":1,"5":1,"6":1,"7":3,"8":2,"9":1,"10":1,"11":1,"12":3,"13":1,"14":1,"15":1,"16":3},"b":{"0":[1,1,0,1,1,1],"1":[1,1,1,0,1,1],"2":[1,1,1,0,1,1],"3":[1,1,1,0,1,1],"4":[1,0]},"inputSourceMap":{"version":3,"names":["dotenv","config","loadMovies","console","log","movies","length","movieModel","deleteMany","collection","insertMany","info","error","loadUsers","userModel","users","forEach","user","create","loadGenres","genresModel","genres","loadPeoples","peopleModel","peoples","process","env","SEED_DB"],"sourceRoot":"C:\\Personal\\Project\\VS code\\movies-api\\seedData\\","sources":["index.js"],"sourcesContent":["import userModel from '../api/users/userModel';\r\nimport genresModel from '../api/genres/genresModel';\r\nimport movieModel from '../api/movies/movieModel';\r\nimport peopleModel from '../api/peoples/peopleModel';\r\nimport movies from './movies.js';\r\nimport users from './users';\r\nimport genres from './genres';\r\nimport peoples from './peoples';\r\nimport dotenv from 'dotenv';\r\n\r\ndotenv.config();\r\n\r\nexport async function loadMovies() {\r\n  console.log('load seed data');\r\n  console.log(movies.length);\r\n  try {\r\n    await movieModel.deleteMany();\r\n    await movieModel.collection.insertMany(movies);\r\n    console.info(`${movies.length} Movies were successfully stored.`);\r\n  } catch (err) {\r\n    console.error(`failed to Load movie Data: ${err}`);\r\n  }\r\n}\r\n\r\n// deletes all user documents in collection and inserts test data\r\nasync function loadUsers() {\r\n  console.log('load user Data');\r\n  try {\r\n    await userModel.deleteMany();\r\n    await users.forEach(user => userModel.create(user));\r\n    console.info(`${users.length} users were successfully stored.`);\r\n  } catch (err) {\r\n    console.error(`failed to Load user Data: ${err}`);\r\n  }\r\n}\r\n\r\nasync function loadGenres() {\r\n  console.log('load genre Data');\r\n  try {\r\n    await genresModel.deleteMany();\r\n    await genresModel.collection.insertMany(genres);\r\n    console.info(`${genres.length} kinds of genres were successfully stored.`);\r\n  } catch (err) {\r\n    console.error(`failed to Load genres Data: ${err}`);\r\n  }\r\n}\r\n\r\nexport async function loadPeoples() {\r\n  console.log('load people data');\r\n  try {\r\n    await peopleModel.deleteMany();\r\n    await peopleModel.collection.insertMany(peoples);\r\n    console.info(`${peoples.length} peoples were successfully stored.`);\r\n  } catch (err) {\r\n    console.error(`failed to Load person Data: ${err}`);\r\n  }\r\n}\r\n\r\nif (process.env.SEED_DB) {\r\n  loadUsers();\r\n  loadGenres();\r\n  loadMovies();\r\n  loadPeoples();\r\n}"],"mappings":";;;;;;;;;;AAAA;AACA;AACA;AACA;AACA;AACA;AACA;AACA;AACA;AAEAA,kBAAM,CAACC,MAAM,EAAE;AAAC,SAEMC,UAAU;EAAA;AAAA,EAYhC;AAAA;EAAA,4FAZO;IAAA;MAAA;QAAA;UACLC,OAAO,CAACC,GAAG,CAAC,gBAAgB,CAAC;UAC7BD,OAAO,CAACC,GAAG,CAACC,kBAAM,CAACC,MAAM,CAAC;UAAC;UAAA;UAAA,OAEnBC,sBAAU,CAACC,UAAU,EAAE;QAAA;UAAA;UAAA,OACvBD,sBAAU,CAACE,UAAU,CAACC,UAAU,CAACL,kBAAM,CAAC;QAAA;UAC9CF,OAAO,CAACQ,IAAI,WAAIN,kBAAM,CAACC,MAAM,uCAAoC;UAAC;UAAA;QAAA;UAAA;UAAA;UAElEH,OAAO,CAACS,KAAK,mDAAqC;QAAC;QAAA;UAAA;MAAA;IAAA;EAAA,CAEtD;EAAA;AAAA;AAAA,SAGcC,SAAS;EAAA;AAAA;AAAA;EAAA,2FAAxB;IAAA;MAAA;QAAA;UACEV,OAAO,CAACC,GAAG,CAAC,gBAAgB,CAAC;UAAC;UAAA;UAAA,OAEtBU,qBAAS,CAACN,UAAU,EAAE;QAAA;UAAA;UAAA,OACtBO,iBAAK,CAACC,OAAO,CAAC,UAAAC,IAAI;YAAA,OAAIH,qBAAS,CAACI,MAAM,CAACD,IAAI,CAAC;UAAA,EAAC;QAAA;UACnDd,OAAO,CAACQ,IAAI,WAAII,iBAAK,CAACT,MAAM,sCAAmC;UAAC;UAAA;QAAA;UAAA;UAAA;UAEhEH,OAAO,CAACS,KAAK,mDAAoC;QAAC;QAAA;UAAA;MAAA;IAAA;EAAA,CAErD;EAAA;AAAA;AAAA,SAEcO,UAAU;EAAA;AAAA;AAAA;EAAA,4FAAzB;IAAA;MAAA;QAAA;UACEhB,OAAO,CAACC,GAAG,CAAC,iBAAiB,CAAC;UAAC;UAAA;UAAA,OAEvBgB,uBAAW,CAACZ,UAAU,EAAE;QAAA;UAAA;UAAA,OACxBY,uBAAW,CAACX,UAAU,CAACC,UAAU,CAACW,kBAAM,CAAC;QAAA;UAC/ClB,OAAO,CAACQ,IAAI,WAAIU,kBAAM,CAACf,MAAM,gDAA6C;UAAC;UAAA;QAAA;UAAA;UAAA;UAE3EH,OAAO,CAACS,KAAK,qDAAsC;QAAC;QAAA;UAAA;MAAA;IAAA;EAAA,CAEvD;EAAA;AAAA;AAAA,SAEqBU,WAAW;EAAA;AAAA;AAAA;EAAA,6FAA1B;IAAA;MAAA;QAAA;UACLnB,OAAO,CAACC,GAAG,CAAC,kBAAkB,CAAC;UAAC;UAAA;UAAA,OAExBmB,uBAAW,CAACf,UAAU,EAAE;QAAA;UAAA;UAAA,OACxBe,uBAAW,CAACd,UAAU,CAACC,UAAU,CAACc,mBAAO,CAAC;QAAA;UAChDrB,OAAO,CAACQ,IAAI,WAAIa,mBAAO,CAAClB,MAAM,wCAAqC;UAAC;UAAA;QAAA;UAAA;UAAA;UAEpEH,OAAO,CAACS,KAAK,qDAAsC;QAAC;QAAA;UAAA;MAAA;IAAA;EAAA,CAEvD;EAAA;AAAA;AAED,IAAIa,OAAO,CAACC,GAAG,CAACC,OAAO,EAAE;EACvBd,SAAS,EAAE;EACXM,UAAU,EAAE;EACZjB,UAAU,EAAE;EACZoB,WAAW,EAAE;AACf"},"_coverageSchema":"1a1c01bbd47fc00a2c39e90264f33305004495a9","hash":"ef80eccefb9bd3bc1809c4e2681890bdb6717700","contentHash":"a0a4b13e1032ca31e2e7e716e4220af20d9997261617560f64916f3fa7f5bb82"},"C:\\Personal\\Project\\VS code\\movies-api\\api\\genres\\genresModel.js":{"path":"C:\\Personal\\Project\\VS code\\movies-api\\api\\genres\\genresModel.js","statementMap":{"0":{"start":{"line":3,"column":29},"end":{"line":3,"column":84}},"1":{"start":{"line":4,"column":0},"end":{"line":6,"column":3}},"2":{"start":{"line":7,"column":0},"end":{"line":7,"column":28}},"3":{"start":{"line":8,"column":16},"end":{"line":8,"column":59}},"4":{"start":{"line":9,"column":13},"end":{"line":9,"column":40}},"5":{"start":{"line":10,"column":18},"end":{"line":20,"column":2}},"6":{"start":{"line":21,"column":15},"end":{"line":21,"column":63}},"7":{"start":{"line":22,"column":0},"end":{"line":22,"column":30}}},"fnMap":{},"branchMap":{},"s":{"0":1,"1":1,"2":1,"3":1,"4":1,"5":1,"6":1,"7":1},"f":{},"b":{},"inputSourceMap":{"version":3,"names":["Schema","mongoose","GenreSchema","id","type","Number","unique","required","name","String","model"],"sourceRoot":"C:\\Personal\\Project\\VS code\\movies-api\\api\\genres\\","sources":["genresModel.js"],"sourcesContent":["import mongoose from 'mongoose';\r\n\r\nconst Schema = mongoose.Schema;\r\n\r\nconst GenreSchema = new Schema({\r\nid: { type: Number,  unique: true, required: true},\r\nname: {type: String, required: true }\r\n});\r\n\r\nexport default mongoose.model('Genre', GenreSchema)"],"mappings":";;;;;;;AAAA;AAEA,IAAMA,MAAM,GAAGC,oBAAQ,CAACD,MAAM;AAE9B,IAAME,WAAW,GAAG,IAAIF,MAAM,CAAC;EAC/BG,EAAE,EAAE;IAAEC,IAAI,EAAEC,MAAM;IAAGC,MAAM,EAAE,IAAI;IAAEC,QAAQ,EAAE;EAAI,CAAC;EAClDC,IAAI,EAAE;IAACJ,IAAI,EAAEK,MAAM;IAAEF,QAAQ,EAAE;EAAK;AACpC,CAAC,CAAC;AAAC,eAEYN,oBAAQ,CAACS,KAAK,CAAC,OAAO,EAAER,WAAW,CAAC;AAAA"},"_coverageSchema":"1a1c01bbd47fc00a2c39e90264f33305004495a9","hash":"1e5c78629b471ee56db5abd0a0eb39b2e890c383","contentHash":"a3a69bba1e2ab360131d4b156fac3db4002bba57d1730f19cf77574966d9f0fd"},"C:\\Personal\\Project\\VS code\\movies-api\\api\\movies\\movieModel.js":{"path":"C:\\Personal\\Project\\VS code\\movies-api\\api\\movies\\movieModel.js","statementMap":{"0":{"start":{"line":3,"column":29},"end":{"line":3,"column":84}},"1":{"start":{"line":4,"column":0},"end":{"line":6,"column":3}},"2":{"start":{"line":7,"column":0},"end":{"line":7,"column":28}},"3":{"start":{"line":8,"column":16},"end":{"line":8,"column":59}},"4":{"start":{"line":9,"column":13},"end":{"line":9,"column":40}},"5":{"start":{"line":10,"column":18},"end":{"line":80,"column":2}},"6":{"start":{"line":81,"column":0},"end":{"line":85,"column":2}},"7":{"start":{"line":82,"column":2},"end":{"line":84,"column":5}},"8":{"start":{"line":86,"column":15},"end":{"line":86,"column":64}},"9":{"start":{"line":87,"column":0},"end":{"line":87,"column":30}}},"fnMap":{"0":{"name":"(anonymous_0)","decl":{"start":{"line":81,"column":38},"end":{"line":81,"column":39}},"loc":{"start":{"line":81,"column":52},"end":{"line":85,"column":1}},"line":81}},"branchMap":{},"s":{"0":1,"1":1,"2":1,"3":1,"4":1,"5":1,"6":1,"7":1,"8":1,"9":1},"f":{"0":1},"b":{},"inputSourceMap":{"version":3,"names":["Schema","mongoose","MovieSchema","adult","type","Boolean","id","Number","required","unique","poster_path","String","overview","release_date","original_title","genre_ids","original_language","title","backdrop_path","popularity","vote_count","video","vote_average","production_countries","iso_3166_1","name","runtime","spoken_languages","iso_639_1","status","tagline","statics","findByMovieDBId","findOne","model"],"sourceRoot":"C:\\Personal\\Project\\VS code\\movies-api\\api\\movies\\","sources":["movieModel.js"],"sourcesContent":["import mongoose from 'mongoose';\r\n\r\nconst Schema = mongoose.Schema;\r\n\r\n\r\nconst MovieSchema = new Schema({\r\n  adult: { type: Boolean },\r\n  id: { type: Number, required: true, unique: true },\r\n  poster_path: { type: String },\r\n  overview: { type: String },\r\n  release_date: { type: String },\r\n  original_title: { type: String },\r\n  genre_ids: [{ type: Number }],\r\n  original_language: { type: String },\r\n  title: { type: String },\r\n  backdrop_path: { type: String },\r\n  popularity: { type: Number },\r\n  vote_count: { type: Number },\r\n  video: { type: Boolean },\r\n  vote_average: { type: Number },\r\n  production_countries: [{\r\n    iso_3166_1: { type: String },\r\n    name: { type: String }\r\n  }],\r\n  runtime: { type: Number },\r\n  spoken_languages: [{\r\n    iso_639_1: { type: String },\r\n    name: { type: String }\r\n  }],\r\n  status: { type: String },\r\n  tagline: { type: String }\r\n});\r\n\r\nMovieSchema.statics.findByMovieDBId = function (id) {\r\n  return this.findOne({ id: id });\r\n};\r\n\r\nexport default mongoose.model('Movies', MovieSchema);\r\n\r\n\r\n"],"mappings":";;;;;;;AAAA;AAEA,IAAMA,MAAM,GAAGC,oBAAQ,CAACD,MAAM;AAG9B,IAAME,WAAW,GAAG,IAAIF,MAAM,CAAC;EAC7BG,KAAK,EAAE;IAAEC,IAAI,EAAEC;EAAQ,CAAC;EACxBC,EAAE,EAAE;IAAEF,IAAI,EAAEG,MAAM;IAAEC,QAAQ,EAAE,IAAI;IAAEC,MAAM,EAAE;EAAK,CAAC;EAClDC,WAAW,EAAE;IAAEN,IAAI,EAAEO;EAAO,CAAC;EAC7BC,QAAQ,EAAE;IAAER,IAAI,EAAEO;EAAO,CAAC;EAC1BE,YAAY,EAAE;IAAET,IAAI,EAAEO;EAAO,CAAC;EAC9BG,cAAc,EAAE;IAAEV,IAAI,EAAEO;EAAO,CAAC;EAChCI,SAAS,EAAE,CAAC;IAAEX,IAAI,EAAEG;EAAO,CAAC,CAAC;EAC7BS,iBAAiB,EAAE;IAAEZ,IAAI,EAAEO;EAAO,CAAC;EACnCM,KAAK,EAAE;IAAEb,IAAI,EAAEO;EAAO,CAAC;EACvBO,aAAa,EAAE;IAAEd,IAAI,EAAEO;EAAO,CAAC;EAC/BQ,UAAU,EAAE;IAAEf,IAAI,EAAEG;EAAO,CAAC;EAC5Ba,UAAU,EAAE;IAAEhB,IAAI,EAAEG;EAAO,CAAC;EAC5Bc,KAAK,EAAE;IAAEjB,IAAI,EAAEC;EAAQ,CAAC;EACxBiB,YAAY,EAAE;IAAElB,IAAI,EAAEG;EAAO,CAAC;EAC9BgB,oBAAoB,EAAE,CAAC;IACrBC,UAAU,EAAE;MAAEpB,IAAI,EAAEO;IAAO,CAAC;IAC5Bc,IAAI,EAAE;MAAErB,IAAI,EAAEO;IAAO;EACvB,CAAC,CAAC;EACFe,OAAO,EAAE;IAAEtB,IAAI,EAAEG;EAAO,CAAC;EACzBoB,gBAAgB,EAAE,CAAC;IACjBC,SAAS,EAAE;MAAExB,IAAI,EAAEO;IAAO,CAAC;IAC3Bc,IAAI,EAAE;MAAErB,IAAI,EAAEO;IAAO;EACvB,CAAC,CAAC;EACFkB,MAAM,EAAE;IAAEzB,IAAI,EAAEO;EAAO,CAAC;EACxBmB,OAAO,EAAE;IAAE1B,IAAI,EAAEO;EAAO;AAC1B,CAAC,CAAC;AAEFT,WAAW,CAAC6B,OAAO,CAACC,eAAe,GAAG,UAAU1B,EAAE,EAAE;EAClD,OAAO,IAAI,CAAC2B,OAAO,CAAC;IAAE3B,EAAE,EAAEA;EAAG,CAAC,CAAC;AACjC,CAAC;AAAC,eAEaL,oBAAQ,CAACiC,KAAK,CAAC,QAAQ,EAAEhC,WAAW,CAAC;AAAA"},"_coverageSchema":"1a1c01bbd47fc00a2c39e90264f33305004495a9","hash":"c414fafb79bef1c0947f15fb3d1499204ecb4258","contentHash":"28df31aeea65f49ec01fa28b7880219d791a1dfbac1e3b8f76625ef6896a2480"},"C:\\Personal\\Project\\VS code\\movies-api\\api\\peoples\\peopleModel.js":{"path":"C:\\Personal\\Project\\VS code\\movies-api\\api\\peoples\\peopleModel.js","statementMap":{"0":{"start":{"line":3,"column":29},"end":{"line":3,"column":84}},"1":{"start":{"line":4,"column":0},"end":{"line":6,"column":3}},"2":{"start":{"line":7,"column":0},"end":{"line":7,"column":28}},"3":{"start":{"line":8,"column":23},"end":{"line":8,"column":95}},"4":{"start":{"line":9,"column":16},"end":{"line":9,"column":59}},"5":{"start":{"line":11,"column":13},"end":{"line":11,"column":40}},"6":{"start":{"line":12,"column":19},"end":{"line":122,"column":14}},"7":{"start":{"line":123,"column":0},"end":{"line":127,"column":2}},"8":{"start":{"line":124,"column":2},"end":{"line":126,"column":5}},"9":{"start":{"line":128,"column":15},"end":{"line":128,"column":65}},"10":{"start":{"line":129,"column":0},"end":{"line":129,"column":30}}},"fnMap":{"0":{"name":"(anonymous_0)","decl":{"start":{"line":123,"column":38},"end":{"line":123,"column":39}},"loc":{"start":{"line":123,"column":52},"end":{"line":127,"column":1}},"line":123}},"branchMap":{},"s":{"0":1,"1":1,"2":1,"3":1,"4":1,"5":1,"6":1,"7":1,"8":0,"9":1,"10":1},"f":{"0":0},"b":{},"inputSourceMap":{"version":3,"names":["Schema","mongoose","PeopleSchema","birthday","type","String","known_for_department","deathday","id","Number","required","unique","name","adult","Boolean","gender","biography","popularity","place_of_birth","profile_path","poster_path","overview","release_date","original_title","genre_ids","original_language","title","backdrop_path","vote_count","video","vote_average","production_countries","iso_3166_1","runtime","spoken_languages","iso_639_1","status","tagline","statics","findByPeopleId","findOne","model"],"sourceRoot":"C:\\Personal\\Project\\VS code\\movies-api\\api\\peoples\\","sources":["peopleModel.js"],"sourcesContent":["import mongoose from 'mongoose';\r\n\r\nconst Schema = mongoose.Schema;\r\n\r\n\r\nconst PeopleSchema = new Schema({\r\n    birthday:{ type:String },\r\n    known_for_department: { type:String },\r\n    deathday:{ type:String },\r\n    id:{ type : Number , required: true, unique: true },\r\n    name: { type: String },\r\n    adult: { type: Boolean },\r\n    gender: { type: Number },\r\n    biography: { type: String },\r\n    popularity: { type: Number },\r\n    place_of_birth: { type: String},\r\n    profile_path: {type: String},\r\n    adult: { type: Boolean },\r\n    imdb_id: { type: String},\r\n    known_for: [{\r\n        adult: { type: Boolean },\r\n        id: { type: Number, required: true, unique: false },\r\n        poster_path: { type: String },\r\n        overview: { type: String },\r\n        release_date: { type: String },\r\n        original_title: { type: String },\r\n        genre_ids: [{ type: Number }],\r\n        original_language: { type: String },\r\n        title: { type: String },\r\n        backdrop_path: { type: String },\r\n        popularity: { type: Number },\r\n        vote_count: { type: Number },\r\n        video: { type: Boolean },\r\n        vote_average: { type: Number },\r\n        production_countries: [{\r\n            iso_3166_1: { type: String },\r\n            name: { type: String }\r\n        }],\r\n        runtime: { type: Number },\r\n        spoken_languages: [{\r\n            iso_639_1: { type: String },\r\n            name: { type: String }\r\n        }],\r\n        status: { type: String },\r\n        tagline: { type: String }\r\n    }],\r\n\r\n});\r\n\r\nPeopleSchema.statics.findByPeopleId = function (id) {\r\n    return this.findOne({ id: id });\r\n};\r\n\r\nexport default mongoose.model('People', PeopleSchema);\r\n"],"mappings":";;;;;;;;AAAA;AAAgC;AAEhC,IAAMA,MAAM,GAAGC,oBAAQ,CAACD,MAAM;AAG9B,IAAME,YAAY,GAAG,IAAIF,MAAM;EAC3BG,QAAQ,EAAC;IAAEC,IAAI,EAACC;EAAO,CAAC;EACxBC,oBAAoB,EAAE;IAAEF,IAAI,EAACC;EAAO,CAAC;EACrCE,QAAQ,EAAC;IAAEH,IAAI,EAACC;EAAO,CAAC;EACxBG,EAAE,EAAC;IAAEJ,IAAI,EAAGK,MAAM;IAAGC,QAAQ,EAAE,IAAI;IAAEC,MAAM,EAAE;EAAK,CAAC;EACnDC,IAAI,EAAE;IAAER,IAAI,EAAEC;EAAO,CAAC;EACtBQ,KAAK,EAAE;IAAET,IAAI,EAAEU;EAAQ,CAAC;EACxBC,MAAM,EAAE;IAAEX,IAAI,EAAEK;EAAO,CAAC;EACxBO,SAAS,EAAE;IAAEZ,IAAI,EAAEC;EAAO,CAAC;EAC3BY,UAAU,EAAE;IAAEb,IAAI,EAAEK;EAAO,CAAC;EAC5BS,cAAc,EAAE;IAAEd,IAAI,EAAEC;EAAM,CAAC;EAC/Bc,YAAY,EAAE;IAACf,IAAI,EAAEC;EAAM;AAAC,sDACrB;EAAED,IAAI,EAAEU;AAAQ,CAAC,wDACf;EAAEV,IAAI,EAAEC;AAAM,CAAC,0DACb,CAAC;EACRQ,KAAK,EAAE;IAAET,IAAI,EAAEU;EAAQ,CAAC;EACxBN,EAAE,EAAE;IAAEJ,IAAI,EAAEK,MAAM;IAAEC,QAAQ,EAAE,IAAI;IAAEC,MAAM,EAAE;EAAM,CAAC;EACnDS,WAAW,EAAE;IAAEhB,IAAI,EAAEC;EAAO,CAAC;EAC7BgB,QAAQ,EAAE;IAAEjB,IAAI,EAAEC;EAAO,CAAC;EAC1BiB,YAAY,EAAE;IAAElB,IAAI,EAAEC;EAAO,CAAC;EAC9BkB,cAAc,EAAE;IAAEnB,IAAI,EAAEC;EAAO,CAAC;EAChCmB,SAAS,EAAE,CAAC;IAAEpB,IAAI,EAAEK;EAAO,CAAC,CAAC;EAC7BgB,iBAAiB,EAAE;IAAErB,IAAI,EAAEC;EAAO,CAAC;EACnCqB,KAAK,EAAE;IAAEtB,IAAI,EAAEC;EAAO,CAAC;EACvBsB,aAAa,EAAE;IAAEvB,IAAI,EAAEC;EAAO,CAAC;EAC/BY,UAAU,EAAE;IAAEb,IAAI,EAAEK;EAAO,CAAC;EAC5BmB,UAAU,EAAE;IAAExB,IAAI,EAAEK;EAAO,CAAC;EAC5BoB,KAAK,EAAE;IAAEzB,IAAI,EAAEU;EAAQ,CAAC;EACxBgB,YAAY,EAAE;IAAE1B,IAAI,EAAEK;EAAO,CAAC;EAC9BsB,oBAAoB,EAAE,CAAC;IACnBC,UAAU,EAAE;MAAE5B,IAAI,EAAEC;IAAO,CAAC;IAC5BO,IAAI,EAAE;MAAER,IAAI,EAAEC;IAAO;EACzB,CAAC,CAAC;EACF4B,OAAO,EAAE;IAAE7B,IAAI,EAAEK;EAAO,CAAC;EACzByB,gBAAgB,EAAE,CAAC;IACfC,SAAS,EAAE;MAAE/B,IAAI,EAAEC;IAAO,CAAC;IAC3BO,IAAI,EAAE;MAAER,IAAI,EAAEC;IAAO;EACzB,CAAC,CAAC;EACF+B,MAAM,EAAE;IAAEhC,IAAI,EAAEC;EAAO,CAAC;EACxBgC,OAAO,EAAE;IAAEjC,IAAI,EAAEC;EAAO;AAC5B,CAAC,CAAC,YAEJ;AAEFH,YAAY,CAACoC,OAAO,CAACC,cAAc,GAAG,UAAU/B,EAAE,EAAE;EAChD,OAAO,IAAI,CAACgC,OAAO,CAAC;IAAEhC,EAAE,EAAEA;EAAG,CAAC,CAAC;AACnC,CAAC;AAAC,eAEaP,oBAAQ,CAACwC,KAAK,CAAC,QAAQ,EAAEvC,YAAY,CAAC;AAAA"},"_coverageSchema":"1a1c01bbd47fc00a2c39e90264f33305004495a9","hash":"5af7e9130cffbee9d09638beeadac0f0d7095ff7","contentHash":"8b2c84fabb189f8a14313899979ac6cb57778ca3c7118e0cc5a228cee5b3cdf7"},"C:\\Personal\\Project\\VS code\\movies-api\\seedData\\movies.js":{"path":"C:\\Personal\\Project\\VS code\\movies-api\\seedData\\movies.js","statementMap":{"0":{"start":{"line":3,"column":0},"end":{"line":5,"column":3}},"1":{"start":{"line":6,"column":0},"end":{"line":6,"column":28}},"2":{"start":{"line":7,"column":13},"end":{"line":307,"column":2}},"3":{"start":{"line":308,"column":15},"end":{"line":308,"column":21}},"4":{"start":{"line":309,"column":0},"end":{"line":309,"column":30}}},"fnMap":{},"branchMap":{},"s":{"0":1,"1":1,"2":1,"3":1,"4":1},"f":{},"b":{},"inputSourceMap":{"version":3,"names":["movies"],"sourceRoot":"C:\\Personal\\Project\\VS code\\movies-api\\seedData\\","sources":["movies.js"],"sourcesContent":["const movies = [\r\n    {\r\n        \"adult\": false,\r\n        \"backdrop_path\": \"/jeAQdDX9nguP6YOX6QSWKDPkbBo.jpg\",\r\n        \"genre_ids\": [\r\n            28,\r\n            14,\r\n            878\r\n        ],\r\n        \"id\": 590706,\r\n        \"original_language\": \"en\",\r\n        \"original_title\": \"Jiu Jitsu\",\r\n        \"overview\": \"Every six years, an ancient order of jiu-jitsu fighters joins forces to battle a vicious race of alien invaders. But when a celebrated war hero goes down in defeat, the fate of the planet and mankind hangs in the balance.\",\r\n        \"popularity\": 2633.943,\r\n        \"poster_path\": \"/eLT8Cu357VOwBVTitkmlDEg32Fs.jpg\",\r\n        \"release_date\": \"2020-11-20\",\r\n        \"title\": \"Jiu Jitsu\",\r\n        \"video\": false,\r\n        \"vote_average\": 5.9,\r\n        \"vote_count\": 111\r\n    },\r\n    {\r\n        \"adult\": false,\r\n        \"backdrop_path\": \"/vam9VHLZl8tqNwkp1zjEAxIOrkk.jpg\",\r\n        \"genre_ids\": [\r\n            10751,\r\n            14,\r\n            10770\r\n        ],\r\n        \"id\": 671583,\r\n        \"original_language\": \"en\",\r\n        \"original_title\": \"Upside-Down Magic\",\r\n        \"overview\": \"Nory and her best friend Reina enter the Sage Academy for Magical Studies, where Nory’s unconventional powers land her in a class for those with wonky, or “upside-down,” magic. Undaunted, Nory sets out to prove that that upside-down magic can be just as powerful as right-side-up.\",\r\n        \"popularity\": 2362.99,\r\n        \"poster_path\": \"/xfYMQNApIIh8KhpNVtG1XRz0ZAp.jpg\",\r\n        \"release_date\": \"2020-07-31\",\r\n        \"title\": \"Upside-Down Magic\",\r\n        \"video\": false,\r\n        \"vote_average\": 7.6,\r\n        \"vote_count\": 64\r\n    },\r\n    {\r\n        \"adult\": false,\r\n        \"backdrop_path\": \"/wzJRB4MKi3yK138bJyuL9nx47y6.jpg\",\r\n        \"genre_ids\": [\r\n            28,\r\n            53,\r\n            878\r\n        ],\r\n        \"id\": 577922,\r\n        \"original_language\": \"en\",\r\n        \"original_title\": \"Tenet\",\r\n        \"overview\": \"Armed with only one word - Tenet - and fighting for the survival of the entire world, the Protagonist journeys through a twilight world of international espionage on a mission that will unfold in something beyond real time.\",\r\n        \"popularity\": 1973.492,\r\n        \"poster_path\": \"/k68nPLbIST6NP96JmTxmZijEvCA.jpg\",\r\n        \"release_date\": \"2020-08-22\",\r\n        \"title\": \"Tenet\",\r\n        \"video\": false,\r\n        \"vote_average\": 7.4,\r\n        \"vote_count\": 2638\r\n    },\r\n    {\r\n        \"adult\": false,\r\n        \"backdrop_path\": \"/ckfwfLkl0CkafTasoRw5FILhZAS.jpg\",\r\n        \"genre_ids\": [\r\n            28,\r\n            35,\r\n            14\r\n        ],\r\n        \"id\": 602211,\r\n        \"original_language\": \"en\",\r\n        \"original_title\": \"Fatman\",\r\n        \"overview\": \"A rowdy, unorthodox Santa Claus is fighting to save his declining business. Meanwhile, Billy, a neglected and precocious 12 year old, hires a hit man to kill Santa after receiving a lump of coal in his stocking.\",\r\n        \"popularity\": 1848.361,\r\n        \"poster_path\": \"/4n8QNNdk4BOX9Dslfbz5Dy6j1HK.jpg\",\r\n        \"release_date\": \"2020-11-13\",\r\n        \"title\": \"Fatman\",\r\n        \"video\": false,\r\n        \"vote_average\": 6.1,\r\n        \"vote_count\": 118\r\n    },\r\n    {\r\n        \"adult\": false,\r\n        \"backdrop_path\": \"/zKv7KF0pH9ASv2uGgTvTylMlxQn.jpg\",\r\n        \"genre_ids\": [\r\n            37\r\n        ],\r\n        \"id\": 729648,\r\n        \"original_language\": \"en\",\r\n        \"original_title\": \"The Dalton Gang\",\r\n        \"overview\": \"When their brother Frank is killed by an outlaw, brothers Bob Dalton, Emmett Dalton and Gray Dalton join their local sheriff's department. When they are cheated by the law, they turn to crime, robbing trains and anything else they can steal from over the course of two years in the early 1890's. Trying to out do Jesse James, they attempt to rob two banks at once in October of 1892, and things get ugly\",\r\n        \"popularity\": 1441.44,\r\n        \"poster_path\": \"/6OeGqp18oZucUGziMIRNhLouZ75.jpg\",\r\n        \"release_date\": \"2020-11-02\",\r\n        \"title\": \"The Dalton Gang\",\r\n        \"video\": false,\r\n        \"vote_average\": 4.3,\r\n        \"vote_count\": 13\r\n    },\r\n    {\r\n        \"adult\": false,\r\n        \"backdrop_path\": \"/n6bUvigpRFqSwmPp1m2YADdbRBc.jpg\",\r\n        \"genre_ids\": [\r\n            80,\r\n            53,\r\n            18\r\n        ],\r\n        \"id\": 475557,\r\n        \"original_language\": \"en\",\r\n        \"original_title\": \"Joker\",\r\n        \"overview\": \"During the 1980s, a failed stand-up comedian is driven insane and turns to a life of crime and chaos in Gotham City while becoming an infamous psychopathic crime figure.\",\r\n        \"popularity\": 1340.942,\r\n        \"poster_path\": \"/udDclJoHjfjb8Ekgsd4FDteOkCU.jpg\",\r\n        \"release_date\": \"2019-10-02\",\r\n        \"title\": \"Joker\",\r\n        \"video\": false,\r\n        \"vote_average\": 8.2,\r\n        \"vote_count\": 15818\r\n    },\r\n    {\r\n        \"adult\": false,\r\n        \"backdrop_path\": \"/mZgbq4Zpxz7ozWXl4asj6vNdlIi.jpg\",\r\n        \"genre_ids\": [\r\n            35,\r\n            10751,\r\n            14\r\n        ],\r\n        \"id\": 454433,\r\n        \"original_language\": \"en\",\r\n        \"original_title\": \"Magic Camp\",\r\n        \"overview\": \"Andy, at the urging of his former mentor and Magic Camp owner Roy Preston, returns to the camp of his youth hoping to reignite his career. Instead, he finds inspiration in his ragtag bunch of rookie magicians.\",\r\n        \"popularity\": 1307.25,\r\n        \"poster_path\": \"/awcPLFFYjufRXd2oAAP6ZIXF9vM.jpg\",\r\n        \"release_date\": \"2020-08-14\",\r\n        \"title\": \"Magic Camp\",\r\n        \"video\": false,\r\n        \"vote_average\": 7.1,\r\n        \"vote_count\": 102\r\n    },\r\n    {\r\n        \"adult\": false,\r\n        \"backdrop_path\": \"/2Fk3AB8E9dYIBc2ywJkxk8BTyhc.jpg\",\r\n        \"genre_ids\": [\r\n            28,\r\n            53\r\n        ],\r\n        \"id\": 524047,\r\n        \"original_language\": \"en\",\r\n        \"original_title\": \"Greenland\",\r\n        \"overview\": \"John Garrity, his estranged wife and their young son embark on a perilous journey to find sanctuary as a planet-killing comet hurtles toward Earth. Amid terrifying accounts of cities getting levelled, the Garrity's experience the best and worst in humanity. As the countdown to the global apocalypse approaches zero, their incredible trek culminates in a desperate and last-minute flight to a possible safe haven.\",\r\n        \"popularity\": 1143.073,\r\n        \"poster_path\": \"/bNo2mcvSwIvnx8K6y1euAc1TLVq.jpg\",\r\n        \"release_date\": \"2020-07-29\",\r\n        \"title\": \"Greenland\",\r\n        \"video\": false,\r\n        \"vote_average\": 7.2,\r\n        \"vote_count\": 853\r\n    },\r\n    {\r\n        \"adult\": false,\r\n        \"backdrop_path\": \"/qAKvUu2FSaDlnqznY4VOp5PmjIF.jpg\",\r\n        \"genre_ids\": [\r\n            28,\r\n            12,\r\n            18,\r\n            14\r\n        ],\r\n        \"id\": 337401,\r\n        \"original_language\": \"en\",\r\n        \"original_title\": \"Mulan\",\r\n        \"overview\": \"When the Emperor of China issues a decree that one man per family must serve in the Imperial Chinese Army to defend the country from Huns, Hua Mulan, the eldest daughter of an honored warrior, steps in to take the place of her ailing father. She is spirited, determined and quick on her feet. Disguised as a man by the name of Hua Jun, she is tested every step of the way and must harness her innermost strength and embrace her true potential.\",\r\n        \"popularity\": 1104.142,\r\n        \"poster_path\": \"/aKx1ARwG55zZ0GpRvU2WrGrCG9o.jpg\",\r\n        \"release_date\": \"2020-09-04\",\r\n        \"title\": \"Mulan\",\r\n        \"video\": false,\r\n        \"vote_average\": 7.2,\r\n        \"vote_count\": 3241\r\n    },\r\n    {\r\n        \"adult\": false,\r\n        \"backdrop_path\": \"/86L8wqGMDbwURPni2t7FQ0nDjsH.jpg\",\r\n        \"genre_ids\": [\r\n            28,\r\n            53\r\n        ],\r\n        \"id\": 724989,\r\n        \"original_language\": \"en\",\r\n        \"original_title\": \"Hard Kill\",\r\n        \"overview\": \"The work of billionaire tech CEO Donovan Chalmers is so valuable that he hires mercenaries to protect it, and a terrorist group kidnaps his daughter just to get it.\",\r\n        \"popularity\": 1067.409,\r\n        \"poster_path\": \"/ugZW8ocsrfgI95pnQ7wrmKDxIe.jpg\",\r\n        \"release_date\": \"2020-10-23\",\r\n        \"title\": \"Hard Kill\",\r\n        \"video\": false,\r\n        \"vote_average\": 5,\r\n        \"vote_count\": 224\r\n    },\r\n    {\r\n        \"adult\": false,\r\n        \"backdrop_path\": \"/5846jHODKbja38USbFcXgOnsfqb.jpg\",\r\n        \"genre_ids\": [\r\n            10751,\r\n            14,\r\n            12\r\n        ],\r\n        \"id\": 654028,\r\n        \"original_language\": \"en\",\r\n        \"original_title\": \"The Christmas Chronicles: Part Two\",\r\n        \"overview\": \"Kate Pierce is reluctantly spending Christmas with her mom’s new boyfriend and his son Jack. But when the North Pole and Christmas are threatened to be destroyed, Kate and Jack are unexpectedly pulled into a new adventure with Santa Claus.\",\r\n        \"popularity\": 1004.099,\r\n        \"poster_path\": \"/6sG0kbEvAi3RRLcGGU5h8l3qAPa.jpg\",\r\n        \"release_date\": \"2020-11-18\",\r\n        \"title\": \"The Christmas Chronicles: Part Two\",\r\n        \"video\": false,\r\n        \"vote_average\": 7.2,\r\n        \"vote_count\": 201\r\n    },\r\n    {\r\n        \"adult\": false,\r\n        \"backdrop_path\": \"/fTDzKoQIh1HeyjfpG5AHMi2jxAJ.jpg\",\r\n        \"genre_ids\": [\r\n            28,\r\n            35\r\n        ],\r\n        \"id\": 682377,\r\n        \"original_language\": \"en\",\r\n        \"original_title\": \"Chick Fight\",\r\n        \"overview\": \"When Anna Wyncomb is introduced to an an underground, all-female fight club in order to turn the mess of her life around, she discovers she is much more personally connected to the history of the club than she could ever imagine.\",\r\n        \"popularity\": 984.768,\r\n        \"poster_path\": \"/4ZocdxnOO6q2UbdKye2wgofLFhB.jpg\",\r\n        \"release_date\": \"2020-11-13\",\r\n        \"title\": \"Chick Fight\",\r\n        \"video\": false,\r\n        \"vote_average\": 5.8,\r\n        \"vote_count\": 48\r\n    },\r\n    {\r\n        \"adult\": false,\r\n        \"backdrop_path\": \"/gEjNlhZhyHeto6Fy5wWy5Uk3A9D.jpg\",\r\n        \"genre_ids\": [\r\n            28,\r\n            27,\r\n            53\r\n        ],\r\n        \"id\": 581392,\r\n        \"original_language\": \"ko\",\r\n        \"original_title\": \"반도\",\r\n        \"overview\": \"A soldier and his team battle hordes of post-apocalyptic zombies in the wastelands of the Korean Peninsula.\",\r\n        \"popularity\": 973.861,\r\n        \"poster_path\": \"/sy6DvAu72kjoseZEjocnm2ZZ09i.jpg\",\r\n        \"release_date\": \"2020-07-15\",\r\n        \"title\": \"Peninsula\",\r\n        \"video\": false,\r\n        \"vote_average\": 6.9,\r\n        \"vote_count\": 867\r\n    },\r\n    {\r\n        \"adult\": false,\r\n        \"backdrop_path\": \"/8rIoyM6zYXJNjzGseT3MRusMPWl.jpg\",\r\n        \"genre_ids\": [\r\n            14,\r\n            10751,\r\n            12,\r\n            35,\r\n            27\r\n        ],\r\n        \"id\": 531219,\r\n        \"original_language\": \"en\",\r\n        \"original_title\": \"Roald Dahl's The Witches\",\r\n        \"overview\": \"In late 1967, a young orphaned boy goes to live with his loving grandma in the rural Alabama town of Demopolis. As the boy and his grandmother encounter some deceptively glamorous but thoroughly diabolical witches, she wisely whisks him away to a seaside resort. Regrettably, they arrive at precisely the same time that the world's Grand High Witch has gathered.\",\r\n        \"popularity\": 870.023,\r\n        \"poster_path\": \"/betExZlgK0l7CZ9CsCBVcwO1OjL.jpg\",\r\n        \"release_date\": \"2020-10-26\",\r\n        \"title\": \"Roald Dahl's The Witches\",\r\n        \"video\": false,\r\n        \"vote_average\": 6.9,\r\n        \"vote_count\": 869\r\n    },\r\n    {\r\n        \"adult\": false,\r\n        \"backdrop_path\": \"/gnf4Cb2rms69QbCnGFJyqwBWsxv.jpg\",\r\n        \"genre_ids\": [\r\n            53,\r\n            28,\r\n            18,\r\n            80\r\n        ],\r\n        \"id\": 671039,\r\n        \"original_language\": \"fr\",\r\n        \"original_title\": \"Bronx\",\r\n        \"overview\": \"Caught in the crosshairs of police corruption and Marseille’s warring gangs, a loyal cop must protect his squad by taking matters into his own hands.\",\r\n        \"popularity\": 794.676,\r\n        \"poster_path\": \"/9HT9982bzgN5on1sLRmc1GMn6ZC.jpg\",\r\n        \"release_date\": \"2020-10-30\",\r\n        \"title\": \"Rogue City\",\r\n        \"video\": false,\r\n        \"vote_average\": 5.9,\r\n        \"vote_count\": 272\r\n    },\r\n    {\r\n        \"adult\": false,\r\n        \"backdrop_path\": \"/iQxJuPqCGOO4Iy3uFbMWCIGHkwE.jpg\",\r\n        \"genre_ids\": [\r\n            10752,\r\n            28\r\n        ],\r\n        \"id\": 635780,\r\n        \"original_language\": \"en\",\r\n        \"original_title\": \"Rogue Warfare: Death of a Nation\",\r\n        \"overview\": \"After rescuing Daniel from the terrorist Black Mask Organization, the team uncovers plans for a deadly bomb set to detonate in 36 hours that threatens world order. With no time to recover, Daniel must throw his life back on the line as he and his elite team of soldiers race against time to find the bomb and defeat their enemy once and for all. Outnumbered and overmatched, each soldier must find their inner strength and skill to overcome insurmountable odds.\",\r\n        \"popularity\": 790.044,\r\n        \"poster_path\": \"/8GVpIEBqlRBvx28G0LfEX0U8D2k.jpg\",\r\n        \"release_date\": \"2020-09-25\",\r\n        \"title\": \"Rogue Warfare: Death of a Nation\",\r\n        \"video\": false,\r\n        \"vote_average\": 4.8,\r\n        \"vote_count\": 10\r\n    },\r\n    {\r\n        \"adult\": false,\r\n        \"backdrop_path\": \"/d1sVANghKKMZNvqjW0V6y1ejvV9.jpg\",\r\n        \"genre_ids\": [\r\n            16,\r\n            28,\r\n            12,\r\n            14,\r\n            18\r\n        ],\r\n        \"id\": 635302,\r\n        \"original_language\": \"ja\",\r\n        \"original_title\": \"劇場版「鬼滅の刃」無限列車編\",\r\n        \"overview\": \"Tanjirō Kamado, joined with Inosuke Hashibira, a boy raised by boars who wears a boar's head, and Zenitsu Agatsuma, a scared boy who reveals his true power when he sleeps, boards the Infinity Train on a new mission with the Fire Hashira, Kyōjurō Rengoku, to defeat a demon who has been tormenting the people and killing the demon slayers who oppose it!\",\r\n        \"popularity\": 738.31,\r\n        \"poster_path\": \"/h8Rb9gBr48ODIwYUttZNYeMWeUU.jpg\",\r\n        \"release_date\": \"2020-10-16\",\r\n        \"title\": \"Demon Slayer the Movie: Mugen Train\",\r\n        \"video\": false,\r\n        \"vote_average\": 6,\r\n        \"vote_count\": 87\r\n    },\r\n    {\r\n        \"adult\": false,\r\n        \"backdrop_path\": \"/wu1uilmhM4TdluKi2ytfz8gidHf.jpg\",\r\n        \"genre_ids\": [\r\n            16,\r\n            14,\r\n            12,\r\n            35,\r\n            10751\r\n        ],\r\n        \"id\": 400160,\r\n        \"original_language\": \"en\",\r\n        \"original_title\": \"The SpongeBob Movie: Sponge on the Run\",\r\n        \"overview\": \"When his best friend Gary is suddenly snatched away, SpongeBob takes Patrick on a madcap mission far beyond Bikini Bottom to save their pink-shelled pal.\",\r\n        \"popularity\": 716.962,\r\n        \"poster_path\": \"/jlJ8nDhMhCYJuzOw3f52CP1W8MW.jpg\",\r\n        \"release_date\": \"2020-08-14\",\r\n        \"title\": \"The SpongeBob Movie: Sponge on the Run\",\r\n        \"video\": false,\r\n        \"vote_average\": 8,\r\n        \"vote_count\": 1669\r\n    },\r\n    {\r\n        \"adult\": false,\r\n        \"backdrop_path\": \"/54yOImQgj8i85u9hxxnaIQBRUuo.jpg\",\r\n        \"genre_ids\": [\r\n            28,\r\n            80,\r\n            18,\r\n            53\r\n        ],\r\n        \"id\": 539885,\r\n        \"original_language\": \"en\",\r\n        \"original_title\": \"Ava\",\r\n        \"overview\": \"A black ops assassin is forced to fight for her own survival after a job goes dangerously wrong.\",\r\n        \"popularity\": 663.458,\r\n        \"poster_path\": \"/qzA87Wf4jo1h8JMk9GilyIYvwsA.jpg\",\r\n        \"release_date\": \"2020-07-02\",\r\n        \"title\": \"Ava\",\r\n        \"video\": false,\r\n        \"vote_average\": 5.6,\r\n        \"vote_count\": 757\r\n    },\r\n    {\r\n        \"adult\": false,\r\n        \"backdrop_path\": \"/aO5ILS7qnqtFIprbJ40zla0jhpu.jpg\",\r\n        \"genre_ids\": [\r\n            28,\r\n            53,\r\n            12,\r\n            18\r\n        ],\r\n        \"id\": 741067,\r\n        \"original_language\": \"en\",\r\n        \"original_title\": \"Welcome to Sudden Death\",\r\n        \"overview\": \"Jesse Freeman is a former special forces officer and explosives expert now working a regular job as a security guard in a state-of-the-art basketball arena. Trouble erupts when a tech-savvy cadre of terrorists kidnap the team's owner and Jesse's daughter during opening night. Facing a ticking clock and impossible odds, it's up to Jesse to not only save them but also a full house of fans in this highly charged action thriller.\",\r\n        \"popularity\": 624.502,\r\n        \"poster_path\": \"/elZ6JCzSEvFOq4gNjNeZsnRFsvj.jpg\",\r\n        \"release_date\": \"2020-09-29\",\r\n        \"title\": \"Welcome to Sudden Death\",\r\n        \"video\": false,\r\n        \"vote_average\": 6.3,\r\n        \"vote_count\": 184\r\n    }\r\n];\r\n\r\nexport default movies;"],"mappings":";;;;;;AAAA,IAAMA,MAAM,GAAG,CACX;EACI,OAAO,EAAE,KAAK;EACd,eAAe,EAAE,kCAAkC;EACnD,WAAW,EAAE,CACT,EAAE,EACF,EAAE,EACF,GAAG,CACN;EACD,IAAI,EAAE,MAAM;EACZ,mBAAmB,EAAE,IAAI;EACzB,gBAAgB,EAAE,WAAW;EAC7B,UAAU,EAAE,+NAA+N;EAC3O,YAAY,EAAE,QAAQ;EACtB,aAAa,EAAE,kCAAkC;EACjD,cAAc,EAAE,YAAY;EAC5B,OAAO,EAAE,WAAW;EACpB,OAAO,EAAE,KAAK;EACd,cAAc,EAAE,GAAG;EACnB,YAAY,EAAE;AAClB,CAAC,EACD;EACI,OAAO,EAAE,KAAK;EACd,eAAe,EAAE,kCAAkC;EACnD,WAAW,EAAE,CACT,KAAK,EACL,EAAE,EACF,KAAK,CACR;EACD,IAAI,EAAE,MAAM;EACZ,mBAAmB,EAAE,IAAI;EACzB,gBAAgB,EAAE,mBAAmB;EACrC,UAAU,EAAE,0RAA0R;EACtS,YAAY,EAAE,OAAO;EACrB,aAAa,EAAE,kCAAkC;EACjD,cAAc,EAAE,YAAY;EAC5B,OAAO,EAAE,mBAAmB;EAC5B,OAAO,EAAE,KAAK;EACd,cAAc,EAAE,GAAG;EACnB,YAAY,EAAE;AAClB,CAAC,EACD;EACI,OAAO,EAAE,KAAK;EACd,eAAe,EAAE,kCAAkC;EACnD,WAAW,EAAE,CACT,EAAE,EACF,EAAE,EACF,GAAG,CACN;EACD,IAAI,EAAE,MAAM;EACZ,mBAAmB,EAAE,IAAI;EACzB,gBAAgB,EAAE,OAAO;EACzB,UAAU,EAAE,iOAAiO;EAC7O,YAAY,EAAE,QAAQ;EACtB,aAAa,EAAE,kCAAkC;EACjD,cAAc,EAAE,YAAY;EAC5B,OAAO,EAAE,OAAO;EAChB,OAAO,EAAE,KAAK;EACd,cAAc,EAAE,GAAG;EACnB,YAAY,EAAE;AAClB,CAAC,EACD;EACI,OAAO,EAAE,KAAK;EACd,eAAe,EAAE,kCAAkC;EACnD,WAAW,EAAE,CACT,EAAE,EACF,EAAE,EACF,EAAE,CACL;EACD,IAAI,EAAE,MAAM;EACZ,mBAAmB,EAAE,IAAI;EACzB,gBAAgB,EAAE,QAAQ;EAC1B,UAAU,EAAE,qNAAqN;EACjO,YAAY,EAAE,QAAQ;EACtB,aAAa,EAAE,kCAAkC;EACjD,cAAc,EAAE,YAAY;EAC5B,OAAO,EAAE,QAAQ;EACjB,OAAO,EAAE,KAAK;EACd,cAAc,EAAE,GAAG;EACnB,YAAY,EAAE;AAClB,CAAC,EACD;EACI,OAAO,EAAE,KAAK;EACd,eAAe,EAAE,kCAAkC;EACnD,WAAW,EAAE,CACT,EAAE,CACL;EACD,IAAI,EAAE,MAAM;EACZ,mBAAmB,EAAE,IAAI;EACzB,gBAAgB,EAAE,iBAAiB;EACnC,UAAU,EAAE,qZAAqZ;EACja,YAAY,EAAE,OAAO;EACrB,aAAa,EAAE,kCAAkC;EACjD,cAAc,EAAE,YAAY;EAC5B,OAAO,EAAE,iBAAiB;EAC1B,OAAO,EAAE,KAAK;EACd,cAAc,EAAE,GAAG;EACnB,YAAY,EAAE;AAClB,CAAC,EACD;EACI,OAAO,EAAE,KAAK;EACd,eAAe,EAAE,kCAAkC;EACnD,WAAW,EAAE,CACT,EAAE,EACF,EAAE,EACF,EAAE,CACL;EACD,IAAI,EAAE,MAAM;EACZ,mBAAmB,EAAE,IAAI;EACzB,gBAAgB,EAAE,OAAO;EACzB,UAAU,EAAE,2KAA2K;EACvL,YAAY,EAAE,QAAQ;EACtB,aAAa,EAAE,kCAAkC;EACjD,cAAc,EAAE,YAAY;EAC5B,OAAO,EAAE,OAAO;EAChB,OAAO,EAAE,KAAK;EACd,cAAc,EAAE,GAAG;EACnB,YAAY,EAAE;AAClB,CAAC,EACD;EACI,OAAO,EAAE,KAAK;EACd,eAAe,EAAE,kCAAkC;EACnD,WAAW,EAAE,CACT,EAAE,EACF,KAAK,EACL,EAAE,CACL;EACD,IAAI,EAAE,MAAM;EACZ,mBAAmB,EAAE,IAAI;EACzB,gBAAgB,EAAE,YAAY;EAC9B,UAAU,EAAE,mNAAmN;EAC/N,YAAY,EAAE,OAAO;EACrB,aAAa,EAAE,kCAAkC;EACjD,cAAc,EAAE,YAAY;EAC5B,OAAO,EAAE,YAAY;EACrB,OAAO,EAAE,KAAK;EACd,cAAc,EAAE,GAAG;EACnB,YAAY,EAAE;AAClB,CAAC,EACD;EACI,OAAO,EAAE,KAAK;EACd,eAAe,EAAE,kCAAkC;EACnD,WAAW,EAAE,CACT,EAAE,EACF,EAAE,CACL;EACD,IAAI,EAAE,MAAM;EACZ,mBAAmB,EAAE,IAAI;EACzB,gBAAgB,EAAE,WAAW;EAC7B,UAAU,EAAE,+ZAA+Z;EAC3a,YAAY,EAAE,QAAQ;EACtB,aAAa,EAAE,kCAAkC;EACjD,cAAc,EAAE,YAAY;EAC5B,OAAO,EAAE,WAAW;EACpB,OAAO,EAAE,KAAK;EACd,cAAc,EAAE,GAAG;EACnB,YAAY,EAAE;AAClB,CAAC,EACD;EACI,OAAO,EAAE,KAAK;EACd,eAAe,EAAE,kCAAkC;EACnD,WAAW,EAAE,CACT,EAAE,EACF,EAAE,EACF,EAAE,EACF,EAAE,CACL;EACD,IAAI,EAAE,MAAM;EACZ,mBAAmB,EAAE,IAAI;EACzB,gBAAgB,EAAE,OAAO;EACzB,UAAU,EAAE,6bAA6b;EACzc,YAAY,EAAE,QAAQ;EACtB,aAAa,EAAE,kCAAkC;EACjD,cAAc,EAAE,YAAY;EAC5B,OAAO,EAAE,OAAO;EAChB,OAAO,EAAE,KAAK;EACd,cAAc,EAAE,GAAG;EACnB,YAAY,EAAE;AAClB,CAAC,EACD;EACI,OAAO,EAAE,KAAK;EACd,eAAe,EAAE,kCAAkC;EACnD,WAAW,EAAE,CACT,EAAE,EACF,EAAE,CACL;EACD,IAAI,EAAE,MAAM;EACZ,mBAAmB,EAAE,IAAI;EACzB,gBAAgB,EAAE,WAAW;EAC7B,UAAU,EAAE,sKAAsK;EAClL,YAAY,EAAE,QAAQ;EACtB,aAAa,EAAE,iCAAiC;EAChD,cAAc,EAAE,YAAY;EAC5B,OAAO,EAAE,WAAW;EACpB,OAAO,EAAE,KAAK;EACd,cAAc,EAAE,CAAC;EACjB,YAAY,EAAE;AAClB,CAAC,EACD;EACI,OAAO,EAAE,KAAK;EACd,eAAe,EAAE,kCAAkC;EACnD,WAAW,EAAE,CACT,KAAK,EACL,EAAE,EACF,EAAE,CACL;EACD,IAAI,EAAE,MAAM;EACZ,mBAAmB,EAAE,IAAI;EACzB,gBAAgB,EAAE,oCAAoC;EACtD,UAAU,EAAE,iPAAiP;EAC7P,YAAY,EAAE,QAAQ;EACtB,aAAa,EAAE,kCAAkC;EACjD,cAAc,EAAE,YAAY;EAC5B,OAAO,EAAE,oCAAoC;EAC7C,OAAO,EAAE,KAAK;EACd,cAAc,EAAE,GAAG;EACnB,YAAY,EAAE;AAClB,CAAC,EACD;EACI,OAAO,EAAE,KAAK;EACd,eAAe,EAAE,kCAAkC;EACnD,WAAW,EAAE,CACT,EAAE,EACF,EAAE,CACL;EACD,IAAI,EAAE,MAAM;EACZ,mBAAmB,EAAE,IAAI;EACzB,gBAAgB,EAAE,aAAa;EAC/B,UAAU,EAAE,uOAAuO;EACnP,YAAY,EAAE,OAAO;EACrB,aAAa,EAAE,kCAAkC;EACjD,cAAc,EAAE,YAAY;EAC5B,OAAO,EAAE,aAAa;EACtB,OAAO,EAAE,KAAK;EACd,cAAc,EAAE,GAAG;EACnB,YAAY,EAAE;AAClB,CAAC,EACD;EACI,OAAO,EAAE,KAAK;EACd,eAAe,EAAE,kCAAkC;EACnD,WAAW,EAAE,CACT,EAAE,EACF,EAAE,EACF,EAAE,CACL;EACD,IAAI,EAAE,MAAM;EACZ,mBAAmB,EAAE,IAAI;EACzB,gBAAgB,EAAE,IAAI;EACtB,UAAU,EAAE,6GAA6G;EACzH,YAAY,EAAE,OAAO;EACrB,aAAa,EAAE,kCAAkC;EACjD,cAAc,EAAE,YAAY;EAC5B,OAAO,EAAE,WAAW;EACpB,OAAO,EAAE,KAAK;EACd,cAAc,EAAE,GAAG;EACnB,YAAY,EAAE;AAClB,CAAC,EACD;EACI,OAAO,EAAE,KAAK;EACd,eAAe,EAAE,kCAAkC;EACnD,WAAW,EAAE,CACT,EAAE,EACF,KAAK,EACL,EAAE,EACF,EAAE,EACF,EAAE,CACL;EACD,IAAI,EAAE,MAAM;EACZ,mBAAmB,EAAE,IAAI;EACzB,gBAAgB,EAAE,0BAA0B;EAC5C,UAAU,EAAE,4WAA4W;EACxX,YAAY,EAAE,OAAO;EACrB,aAAa,EAAE,kCAAkC;EACjD,cAAc,EAAE,YAAY;EAC5B,OAAO,EAAE,0BAA0B;EACnC,OAAO,EAAE,KAAK;EACd,cAAc,EAAE,GAAG;EACnB,YAAY,EAAE;AAClB,CAAC,EACD;EACI,OAAO,EAAE,KAAK;EACd,eAAe,EAAE,kCAAkC;EACnD,WAAW,EAAE,CACT,EAAE,EACF,EAAE,EACF,EAAE,EACF,EAAE,CACL;EACD,IAAI,EAAE,MAAM;EACZ,mBAAmB,EAAE,IAAI;EACzB,gBAAgB,EAAE,OAAO;EACzB,UAAU,EAAE,uJAAuJ;EACnK,YAAY,EAAE,OAAO;EACrB,aAAa,EAAE,kCAAkC;EACjD,cAAc,EAAE,YAAY;EAC5B,OAAO,EAAE,YAAY;EACrB,OAAO,EAAE,KAAK;EACd,cAAc,EAAE,GAAG;EACnB,YAAY,EAAE;AAClB,CAAC,EACD;EACI,OAAO,EAAE,KAAK;EACd,eAAe,EAAE,kCAAkC;EACnD,WAAW,EAAE,CACT,KAAK,EACL,EAAE,CACL;EACD,IAAI,EAAE,MAAM;EACZ,mBAAmB,EAAE,IAAI;EACzB,gBAAgB,EAAE,kCAAkC;EACpD,UAAU,EAAE,+cAA+c;EAC3d,YAAY,EAAE,OAAO;EACrB,aAAa,EAAE,kCAAkC;EACjD,cAAc,EAAE,YAAY;EAC5B,OAAO,EAAE,kCAAkC;EAC3C,OAAO,EAAE,KAAK;EACd,cAAc,EAAE,GAAG;EACnB,YAAY,EAAE;AAClB,CAAC,EACD;EACI,OAAO,EAAE,KAAK;EACd,eAAe,EAAE,kCAAkC;EACnD,WAAW,EAAE,CACT,EAAE,EACF,EAAE,EACF,EAAE,EACF,EAAE,EACF,EAAE,CACL;EACD,IAAI,EAAE,MAAM;EACZ,mBAAmB,EAAE,IAAI;EACzB,gBAAgB,EAAE,gBAAgB;EAClC,UAAU,EAAE,kWAAkW;EAC9W,YAAY,EAAE,MAAM;EACpB,aAAa,EAAE,kCAAkC;EACjD,cAAc,EAAE,YAAY;EAC5B,OAAO,EAAE,qCAAqC;EAC9C,OAAO,EAAE,KAAK;EACd,cAAc,EAAE,CAAC;EACjB,YAAY,EAAE;AAClB,CAAC,EACD;EACI,OAAO,EAAE,KAAK;EACd,eAAe,EAAE,kCAAkC;EACnD,WAAW,EAAE,CACT,EAAE,EACF,EAAE,EACF,EAAE,EACF,EAAE,EACF,KAAK,CACR;EACD,IAAI,EAAE,MAAM;EACZ,mBAAmB,EAAE,IAAI;EACzB,gBAAgB,EAAE,wCAAwC;EAC1D,UAAU,EAAE,2JAA2J;EACvK,YAAY,EAAE,OAAO;EACrB,aAAa,EAAE,kCAAkC;EACjD,cAAc,EAAE,YAAY;EAC5B,OAAO,EAAE,wCAAwC;EACjD,OAAO,EAAE,KAAK;EACd,cAAc,EAAE,CAAC;EACjB,YAAY,EAAE;AAClB,CAAC,EACD;EACI,OAAO,EAAE,KAAK;EACd,eAAe,EAAE,kCAAkC;EACnD,WAAW,EAAE,CACT,EAAE,EACF,EAAE,EACF,EAAE,EACF,EAAE,CACL;EACD,IAAI,EAAE,MAAM;EACZ,mBAAmB,EAAE,IAAI;EACzB,gBAAgB,EAAE,KAAK;EACvB,UAAU,EAAE,kGAAkG;EAC9G,YAAY,EAAE,OAAO;EACrB,aAAa,EAAE,kCAAkC;EACjD,cAAc,EAAE,YAAY;EAC5B,OAAO,EAAE,KAAK;EACd,OAAO,EAAE,KAAK;EACd,cAAc,EAAE,GAAG;EACnB,YAAY,EAAE;AAClB,CAAC,EACD;EACI,OAAO,EAAE,KAAK;EACd,eAAe,EAAE,kCAAkC;EACnD,WAAW,EAAE,CACT,EAAE,EACF,EAAE,EACF,EAAE,EACF,EAAE,CACL;EACD,IAAI,EAAE,MAAM;EACZ,mBAAmB,EAAE,IAAI;EACzB,gBAAgB,EAAE,yBAAyB;EAC3C,UAAU,EAAE,+aAA+a;EAC3b,YAAY,EAAE,OAAO;EACrB,aAAa,EAAE,kCAAkC;EACjD,cAAc,EAAE,YAAY;EAC5B,OAAO,EAAE,yBAAyB;EAClC,OAAO,EAAE,KAAK;EACd,cAAc,EAAE,GAAG;EACnB,YAAY,EAAE;AAClB,CAAC,CACJ;AAAC,eAEaA,MAAM;AAAA"},"_coverageSchema":"1a1c01bbd47fc00a2c39e90264f33305004495a9","hash":"35e7d32d9b606221ddd97596ecac91d669748c6c","contentHash":"b30b0b8607df82a8dcde78c775398a442c81d07b001f553b98c7da390518479f"},"C:\\Personal\\Project\\VS code\\movies-api\\seedData\\users.js":{"path":"C:\\Personal\\Project\\VS code\\movies-api\\seedData\\users.js","statementMap":{"0":{"start":{"line":3,"column":0},"end":{"line":5,"column":3}},"1":{"start":{"line":6,"column":0},"end":{"line":6,"column":28}},"2":{"start":{"line":7,"column":12},"end":{"line":13,"column":2}},"3":{"start":{"line":14,"column":15},"end":{"line":14,"column":20}},"4":{"start":{"line":15,"column":0},"end":{"line":15,"column":30}}},"fnMap":{},"branchMap":{},"s":{"0":1,"1":1,"2":1,"3":1,"4":1},"f":{},"b":{},"inputSourceMap":{"version":3,"names":["users"],"sourceRoot":"C:\\Personal\\Project\\VS code\\movies-api\\seedData\\","sources":["users.js"],"sourcesContent":["const  users = [\r\n    {\r\n        'username': 'user1',\r\n        'password': 'test1',\r\n    },\r\n    {\r\n        'username': 'user2',\r\n        'password': 'test2',\r\n    },\r\n];\r\nexport default users;"],"mappings":";;;;;;AAAA,IAAOA,KAAK,GAAG,CACX;EACI,UAAU,EAAE,OAAO;EACnB,UAAU,EAAE;AAChB,CAAC,EACD;EACI,UAAU,EAAE,OAAO;EACnB,UAAU,EAAE;AAChB,CAAC,CACJ;AAAC,eACaA,KAAK;AAAA"},"_coverageSchema":"1a1c01bbd47fc00a2c39e90264f33305004495a9","hash":"13720cc4263d167acdbdd221d312d0360921593e","contentHash":"04fb2c876f8ee9358ff76d08450363d4f5039d42afb57e561d7948e371dc83d8"},"C:\\Personal\\Project\\VS code\\movies-api\\seedData\\genres.js":{"path":"C:\\Personal\\Project\\VS code\\movies-api\\seedData\\genres.js","statementMap":{"0":{"start":{"line":3,"column":0},"end":{"line":5,"column":3}},"1":{"start":{"line":6,"column":0},"end":{"line":6,"column":28}},"2":{"start":{"line":7,"column":13},"end":{"line":64,"column":2}},"3":{"start":{"line":65,"column":15},"end":{"line":65,"column":21}},"4":{"start":{"line":66,"column":0},"end":{"line":66,"column":30}}},"fnMap":{},"branchMap":{},"s":{"0":1,"1":1,"2":1,"3":1,"4":1},"f":{},"b":{},"inputSourceMap":{"version":3,"names":["genres"],"sourceRoot":"C:\\Personal\\Project\\VS code\\movies-api\\seedData\\","sources":["genres.js"],"sourcesContent":["const genres= \r\n    [\r\n        {\r\n            \"id\": 28,\r\n            \"name\": \"Action\"\r\n        },\r\n        {\r\n            \"id\": 12,\r\n            \"name\": \"Adventure\"\r\n        },\r\n        {\r\n            \"id\": 16,\r\n            \"name\": \"Animation\"\r\n        },\r\n        {\r\n            \"id\": 35,\r\n            \"name\": \"Comedy\"\r\n        },\r\n        {\r\n            \"id\": 80,\r\n            \"name\": \"Crime\"\r\n        },\r\n        {\r\n            \"id\": 99,\r\n            \"name\": \"Documentary\"\r\n        },\r\n        {\r\n            \"id\": 18,\r\n            \"name\": \"Drama\"\r\n        },\r\n        {\r\n            \"id\": 10751,\r\n            \"name\": \"Family\"\r\n        },\r\n        {\r\n            \"id\": 14,\r\n            \"name\": \"Fantasy\"\r\n        },\r\n        {\r\n            \"id\": 36,\r\n            \"name\": \"History\"\r\n        },\r\n        {\r\n            \"id\": 27,\r\n            \"name\": \"Horror\"\r\n        },\r\n        {\r\n            \"id\": 10402,\r\n            \"name\": \"Music\"\r\n        },\r\n        {\r\n            \"id\": 9648,\r\n            \"name\": \"Mystery\"\r\n        },\r\n        {\r\n            \"id\": 10749,\r\n            \"name\": \"Romance\"\r\n        },\r\n        {\r\n            \"id\": 878,\r\n            \"name\": \"Science Fiction\"\r\n        },\r\n        {\r\n            \"id\": 10770,\r\n            \"name\": \"TV Movie\"\r\n        },\r\n        {\r\n            \"id\": 53,\r\n            \"name\": \"Thriller\"\r\n        },\r\n        {\r\n            \"id\": 10752,\r\n            \"name\": \"War\"\r\n        },\r\n        {\r\n            \"id\": 37,\r\n            \"name\": \"Western\"\r\n        }\r\n    ];\r\n\r\nexport default genres;"],"mappings":";;;;;;AAAA,IAAMA,MAAM,GACR,CACI;EACI,IAAI,EAAE,EAAE;EACR,MAAM,EAAE;AACZ,CAAC,EACD;EACI,IAAI,EAAE,EAAE;EACR,MAAM,EAAE;AACZ,CAAC,EACD;EACI,IAAI,EAAE,EAAE;EACR,MAAM,EAAE;AACZ,CAAC,EACD;EACI,IAAI,EAAE,EAAE;EACR,MAAM,EAAE;AACZ,CAAC,EACD;EACI,IAAI,EAAE,EAAE;EACR,MAAM,EAAE;AACZ,CAAC,EACD;EACI,IAAI,EAAE,EAAE;EACR,MAAM,EAAE;AACZ,CAAC,EACD;EACI,IAAI,EAAE,EAAE;EACR,MAAM,EAAE;AACZ,CAAC,EACD;EACI,IAAI,EAAE,KAAK;EACX,MAAM,EAAE;AACZ,CAAC,EACD;EACI,IAAI,EAAE,EAAE;EACR,MAAM,EAAE;AACZ,CAAC,EACD;EACI,IAAI,EAAE,EAAE;EACR,MAAM,EAAE;AACZ,CAAC,EACD;EACI,IAAI,EAAE,EAAE;EACR,MAAM,EAAE;AACZ,CAAC,EACD;EACI,IAAI,EAAE,KAAK;EACX,MAAM,EAAE;AACZ,CAAC,EACD;EACI,IAAI,EAAE,IAAI;EACV,MAAM,EAAE;AACZ,CAAC,EACD;EACI,IAAI,EAAE,KAAK;EACX,MAAM,EAAE;AACZ,CAAC,EACD;EACI,IAAI,EAAE,GAAG;EACT,MAAM,EAAE;AACZ,CAAC,EACD;EACI,IAAI,EAAE,KAAK;EACX,MAAM,EAAE;AACZ,CAAC,EACD;EACI,IAAI,EAAE,EAAE;EACR,MAAM,EAAE;AACZ,CAAC,EACD;EACI,IAAI,EAAE,KAAK;EACX,MAAM,EAAE;AACZ,CAAC,EACD;EACI,IAAI,EAAE,EAAE;EACR,MAAM,EAAE;AACZ,CAAC,CACJ;AAAC,eAESA,MAAM;AAAA"},"_coverageSchema":"1a1c01bbd47fc00a2c39e90264f33305004495a9","hash":"3080f305dfc3ff33a030a0800b46c40ca9eff046","contentHash":"1eea5896635cc2f8d0d43e034c6b2950b423ec7975106ba12a7c5eb8ba19a571"},"C:\\Personal\\Project\\VS code\\movies-api\\seedData\\peoples.js":{"path":"C:\\Personal\\Project\\VS code\\movies-api\\seedData\\peoples.js","statementMap":{"0":{"start":{"line":3,"column":0},"end":{"line":5,"column":3}},"1":{"start":{"line":6,"column":0},"end":{"line":6,"column":28}},"2":{"start":{"line":7,"column":14},"end":{"line":990,"column":2}},"3":{"start":{"line":991,"column":15},"end":{"line":991,"column":22}},"4":{"start":{"line":992,"column":0},"end":{"line":992,"column":30}}},"fnMap":{},"branchMap":{},"s":{"0":1,"1":1,"2":1,"3":1,"4":1},"f":{},"b":{},"inputSourceMap":{"version":3,"names":["pe
[...]
:{"line":20,"column":8},"end":{"line":23,"column":48}},{"start":{"line":24,"column":8},"end":{"line":26,"column":40}},{"start":{"line":27,"column":8},"end":{"line":27,"column":15}},{"start":{"line":28,"column":8},"end":{"line":29,"column":33}}],"line":19},"1":{"loc":{"start":{"line":41,"column":16},"end":{"line":52,"column":7}},"type":"switch","locations":[{"start":{"line":42,"column":8},"end":{"line":45,"column":45}},{"start":{"line":46,"column":8},"end":{"line":48,"column":39}},{"start":{"line":49,"column":8},"end":{"line":49,"column":15}},{"start":{"line":50,"column":8},"end":{"line":51,"column":34}}],"line":41},"2":{"loc":{"start":{"line":63,"column":16},"end":{"line":73,"column":7}},"type":"switch","locations":[{"start":{"line":64,"column":8},"end":{"line":66,"column":62}},{"start":{"line":67,"column":8},"end":{"line":69,"column":39}},{"start":{"line":70,"column":8},"end":{"line":70,"column":15}},{"start":{"line":71,"column":8},"end":{"line":72,"column":34}}],"line":63}},"s":{"0":1,"1":1,"2":1,"3":1,"4":1,"5":1,"6":1,"7":1,"8":1,"9":1,"10":1,"11":1,"12":1,"13":2,"14":2,"15":1,"16":1,"17":1,"18":1,"19":1,"20":1,"21":1,"22":1,"23":1,"24":1,"25":1,"26":2,"27":2,"28":1,"29":1,"30":1,"31":1,"32":1,"33":1,"34":1,"35":1,"36":1,"37":1,"38":1,"39":2,"40":2,"41":1,"42":1,"43":1,"44":1,"45":1,"46":1,"47":1,"48":1,"49":1},"f":{"0":1,"1":1,"2":2,"3":1,"4":1,"5":1,"6":2,"7":1,"8":1,"9":1,"10":2,"11":1},"b":{"0":[1,1,1,1],"1":[1,1,1,1],"2":[1,1,1,1]},"inputSourceMap":{"version":3,"names":["router","express","Router","get","asyncHandler","req","res","page","parseInt","params","getPeoples","peoples","status","json","id","getPeople","people","getPeopleImages","images"],"sourceRoot":"C:\\Personal\\Project\\VS code\\movies-api\\api\\peoples\\","sources":["index.js"],"sourcesContent":["import express from 'express';\r\nimport asyncHandler from 'express-async-handler';\r\nimport {  getPeopleImages, getPeoples, getPeople } from '../tmdb-api';\r\nimport peopleModel from './peopleModel';\r\n\r\nconst router = express.Router(); \r\n\r\nrouter.get('/popular/:page', asyncHandler( async(req, res) => {\r\n  const page = parseInt(req.params.page);\r\n    const peoples = await getPeoples(page);\r\n    res.status(200).json(peoples);\r\n}));\r\n\r\nrouter.get('/:id', asyncHandler( async(req, res,) => {\r\n  const id = parseInt(req.params.id);\r\n  const people = await getPeople(id);\r\n  res.status(200).json(people);\r\n}));\r\n\r\n\r\nrouter.get('/:id/images', asyncHandler( async(req, res,) => {\r\n  const images = await getPeopleImages(req.params.id);\r\n  res.status(200).json(images);\r\n}));\r\n\r\nexport default router;"],"mappings":";;;;;;;;;AAAA;AACA;AACA;AACA;AAEA,IAAMA,MAAM,GAAGC,mBAAO,CAACC,MAAM,EAAE;AAE/BF,MAAM,CAACG,GAAG,CAAC,gBAAgB,EAAE,IAAAC,+BAAY;EAAA,yFAAE,iBAAMC,GAAG,EAAEC,GAAG;IAAA;IAAA;MAAA;QAAA;UACjDC,IAAI,GAAGC,QAAQ,CAACH,GAAG,CAACI,MAAM,CAACF,IAAI,CAAC;UAAA;UAAA,OACd,IAAAG,mBAAU,EAACH,IAAI,CAAC;QAAA;UAAhCI,OAAO;UACbL,GAAG,CAACM,MAAM,CAAC,GAAG,CAAC,CAACC,IAAI,CAACF,OAAO,CAAC;QAAC;QAAA;UAAA;MAAA;IAAA;EAAA,CACjC;EAAA;IAAA;EAAA;AAAA,IAAC,CAAC;AAEHX,MAAM,CAACG,GAAG,CAAC,MAAM,EAAE,IAAAC,+BAAY;EAAA,0FAAE,kBAAMC,GAAG,EAAEC,GAAG;IAAA;IAAA;MAAA;QAAA;UACvCQ,EAAE,GAAGN,QAAQ,CAACH,GAAG,CAACI,MAAM,CAACK,EAAE,CAAC;UAAA;UAAA,OACb,IAAAC,kBAAS,EAACD,EAAE,CAAC;QAAA;UAA5BE,MAAM;UACZV,GAAG,CAACM,MAAM,CAAC,GAAG,CAAC,CAACC,IAAI,CAACG,MAAM,CAAC;QAAC;QAAA;UAAA;MAAA;IAAA;EAAA,CAC9B;EAAA;IAAA;EAAA;AAAA,IAAC,CAAC;AAGHhB,MAAM,CAACG,GAAG,CAAC,aAAa,EAAE,IAAAC,+BAAY;EAAA,0FAAE,kBAAMC,GAAG,EAAEC,GAAG;IAAA;IAAA;MAAA;QAAA;UAAA;UAAA,OAC/B,IAAAW,wBAAe,EAACZ,GAAG,CAACI,MAAM,CAACK,EAAE,CAAC;QAAA;UAA7CI,MAAM;UACZZ,GAAG,CAACM,MAAM,CAAC,GAAG,CAAC,CAACC,IAAI,CAACK,MAAM,CAAC;QAAC;QAAA;UAAA;MAAA;IAAA;EAAA,CAC9B;EAAA;IAAA;EAAA;AAAA,IAAC,CAAC;AAAC,eAEWlB,MAAM;AAAA"},"_coverageSchema":"1a1c01bbd47fc00a2c39e90264f33305004495a9","hash":"419162500162835351a4c1bd88eef0b08f4af0ea","contentHash":"3e3d360d1a37dccee77282934a017df4a219d6ea49b8fe96eb6931783b367606"},"C:\\Personal\\Project\\VS code\\movies-api\\authenticate\\index.js":{"path":"C:\\Personal\\Project\\VS code\\movies-api\\authenticate\\index.js","statementMap":{"0":{"start":{"line":3,"column":29},"end":{"line":3,"column":84}},"1":{"start":{"line":4,"column":0},"end":{"line":6,"column":3}},"2":{"start":{"line":7,"column":0},"end":{"line":7,"column":28}},"3":{"start":{"line":8,"column":19},"end":{"line":8,"column":80}},"4":{"start":{"line":9,"column":25},"end":{"line":9,"column":99}},"5":{"start":{"line":10,"column":16},"end":{"line":10,"column":59}},"6":{"start":{"line":11,"column":19},"end":{"line":11,"column":66}},"7":{"start":{"line":12,"column":17},"end":{"line":12,"column":76}},"8":{"start":{"line":13,"column":14},"end":{"line":13,"column":55}},"9":{"start":{"line":14,"column":0},"end":{"line":14,"column":28}},"10":{"start":{"line":15,"column":18},"end":{"line":15,"column":50}},"11":{"start":{"line":16,"column":17},"end":{"line":16,"column":51}},"12":{"start":{"line":17,"column":17},"end":{"line":17,"column":19}},"13":{"start":{"line":18,"column":0},"end":{"line":18,"column":69}},"14":{"start":{"line":19,"column":0},"end":{"line":19,"column":44}},"15":{"start":{"line":20,"column":15},"end":{"line":44,"column":4}},"16":{"start":{"line":21,"column":13},"end":{"line":40,"column":5}},"17":{"start":{"line":23,"column":4},"end":{"line":39,"column":16}},"18":{"start":{"line":24,"column":6},"end":{"line":38,"column":7}},"19":{"start":{"line":24,"column":16},"end":{"line":38,"column":7}},"20":{"start":{"line":26,"column":10},"end":{"line":26,"column":28}},"21":{"start":{"line":27,"column":10},"end":{"line":27,"column":63}},"22":{"start":{"line":29,"column":10},"end":{"line":29,"column":31}},"23":{"start":{"line":30,"column":10},"end":{"line":34,"column":11}},"24":{"start":{"line":31,"column":12},"end":{"line":31,"column":29}},"25":{"start":{"line":33,"column":12},"end":{"line":33,"column":30}},"26":{"start":{"line":37,"column":10},"end":{"line":37,"column":33}},"27":{"start":{"line":41,"column":2},"end":{"line":43,"column":4}},"28":{"start":{"line":42,"column":4},"end":{"line":42,"column":39}},"29":{"start":{"line":45,"column":0},"end":{"line":45,"column":35}},"30":{"start":{"line":46,"column":15},"end":{"line":46,"column":35}},"31":{"start":{"line":47,"column":0},"end":{"line":47,"column":30}}},"fnMap":{"0":{"name":"(anonymous_0)","decl":{"start":{"line":20,"column":56},"end":{"line":20,"column":57}},"loc":{"start":{"line":20,"column":68},"end":{"line":44,"column":1}},"line":20},"1":{"name":"_callee","decl":{"start":{"line":21,"column":100},"end":{"line":21,"column":107}},"loc":{"start":{"line":21,"column":123},"end":{"line":40,"column":3}},"line":21},"2":{"name":"_callee$","decl":{"start":{"line":23,"column":49},"end":{"line":23,"column":57}},"loc":{"start":{"line":23,"column":68},"end":{"line":39,"column":5}},"line":23},"3":{"name":"(anonymous_3)","decl":{"start":{"line":41,"column":9},"end":{"line":41,"column":10}},"loc":{"start":{"line":41,"column":28},"end":{"line":43,"column":3}},"line":41}},"branchMap":{"0":{"loc":{"start":{"line":24,"column":16},"end":{"line":38,"column":7}},"type":"switch","locations":[{"start":{"line":25,"column":8},"end":{"line":27,"column":63}},{"start":{"line":28,"column":8},"end":{"line":34,"column":11}},{"start":{"line":35,"column":8},"end":{"line":35,"column":15}},{"start":{"line":36,"column":8},"end":{"line":37,"column":33}}],"line":24},"1":{"loc":{"start":{"line":30,"column":10},"end":{"line":34,"column":11}},"type":"if","locations":[{"start":{"line":30,"column":10},"end":{"line":34,"column":11}},{"start":{"line":30,"column":10},"end":{"line":34,"column":11}}],"line":30}},"s":{"0":1,"1":1,"2":1,"3":1,"4":1,"5":1,"6":1,"7":1,"8":1,"9":1,"10":1,"11":1,"12":1,"13":1,"14":1,"15":1,"16":1,"17":2,"18":4,"19":4,"20":2,"21":2,"22":2,"23":2,"24":2,"25":0,"26":2,"27":1,"28":2,"29":1,"30":1,"31":1},"f":{"0":1,"1":2,"2":4,"3":2},"b":{"0":[2,2,2,2],"1":[2,0]},"inputSourceMap":{"version":3,"names":["dotenv","config","JWTStrategy","passportJWT","Strategy","ExtractJWT","ExtractJwt","jwtOptions","jwtFromRequest","fromAuthHeaderAsBearerToken","secretOrKey","process","env","SECRET","strategy","payload","next","UserModel","findByUserName","user","passport","use"],"sourceRoot":"C:\\Personal\\Project\\VS code\\movies-api\\authenticate\\","sources":["index.js"],"sourcesContent":["import passport from 'passport';\r\nimport passportJWT from 'passport-jwt';\r\nimport UserModel from './../api/users/userModel';\r\nimport dotenv from 'dotenv';\r\n\r\ndotenv.config();\r\n\r\nconst JWTStrategy = passportJWT.Strategy;\r\nconst ExtractJWT = passportJWT.ExtractJwt;\r\n\r\nlet jwtOptions = {};\r\njwtOptions.jwtFromRequest = ExtractJWT.fromAuthHeaderAsBearerToken();\r\njwtOptions.secretOrKey = process.env.SECRET;\r\nconst strategy = new JWTStrategy(jwtOptions, async (payload, next) => {\r\n  const user = await UserModel.findByUserName(payload);\r\n  if (user) {\r\n    next(null, user);\r\n  } else {\r\n    next(null, false);\r\n  }\r\n});\r\npassport.use(strategy);\r\n\r\nexport default passport;"],"mappings":";;;;;;;;;AAAA;AACA;AACA;AACA;AAEAA,kBAAM,CAACC,MAAM,EAAE;AAEf,IAAMC,WAAW,GAAGC,uBAAW,CAACC,QAAQ;AACxC,IAAMC,UAAU,GAAGF,uBAAW,CAACG,UAAU;AAEzC,IAAIC,UAAU,GAAG,CAAC,CAAC;AACnBA,UAAU,CAACC,cAAc,GAAGH,UAAU,CAACI,2BAA2B,EAAE;AACpEF,UAAU,CAACG,WAAW,GAAGC,OAAO,CAACC,GAAG,CAACC,MAAM;AAC3C,IAAMC,QAAQ,GAAG,IAAIZ,WAAW,CAACK,UAAU;EAAA,yFAAE,iBAAOQ,OAAO,EAAEC,IAAI;IAAA;IAAA;MAAA;QAAA;UAAA;UAAA,OAC5CC,qBAAS,CAACC,cAAc,CAACH,OAAO,CAAC;QAAA;UAA9CI,IAAI;UACV,IAAIA,IAAI,EAAE;YACRH,IAAI,CAAC,IAAI,EAAEG,IAAI,CAAC;UAClB,CAAC,MAAM;YACLH,IAAI,CAAC,IAAI,EAAE,KAAK,CAAC;UACnB;QAAC;QAAA;UAAA;MAAA;IAAA;EAAA,CACF;EAAA;IAAA;EAAA;AAAA,IAAC;AACFI,oBAAQ,CAACC,GAAG,CAACP,QAAQ,CAAC;AAAC,eAERM,oBAAQ;AAAA"},"_coverageSchema":"1a1c01bbd47fc00a2c39e90264f33305004495a9","hash":"cf9867133781a5409aa00c9a3b58cbae34a49deb","contentHash":"c7719bdf656187f3aa00275aa077f54ea82f7b8efec1926f138926535fea65fd"},"C:\\Personal\\Project\\VS code\\movies-api\\api\\movies\\tmdb\\index.js":{"path":"C:\\Personal\\Project\\VS code\\movies-api\\api\\movies\\tmdb\\index.js","statementMap":{"0":{"start":{"line":3,"column":29},"end":{"line":3,"column":84}},"1":{"start":{"line":4,"column":0},"end":{"line":6,"column":3}},"2":{"start":{"line":7,"column":0},"end":{"line":7,"column":28}},"3":{"start":{"line":8,"column":19},"end":{"line":8,"column":80}},"4":{"start":{"line":9,"column":25},"end":{"line":9,"column":99}},"5":{"start":{"line":10,"column":15},"end":{"line":10,"column":40}},"6":{"start":{"line":11,"column":27},"end":{"line":11,"column":83}},"7":{"start":{"line":12,"column":15},"end":{"line":12,"column":57}},"8":{"start":{"line":13,"column":13},"end":{"line":13,"column":41}},"9":{"start":{"line":14,"column":14},"end":{"line":14,"column":32}},"10":{"start":{"line":15,"column":0},"end":{"line":36,"column":6}},"11":{"start":{"line":16,"column":13},"end":{"line":32,"column":5}},"12":{"start":{"line":18,"column":4},"end":{"line":31,"column":16}},"13":{"start":{"line":19,"column":6},"end":{"line":30,"column":7}},"14":{"start":{"line":19,"column":16},"end":{"line":30,"column":7}},"15":{"start":{"line":21,"column":10},"end":{"line":21,"column":39}},"16":{"start":{"line":22,"column":10},"end":{"line":22,"column":28}},"17":{"start":{"line":23,"column":10},"end":{"line":23,"column":44}},"18":{"start":{"line":25,"column":10},"end":{"line":25,"column":32}},"19":{"start":{"line":26,"column":10},"end":{"line":26,"column":38}},"20":{"start":{"line":29,"column":10},"end":{"line":29,"column":33}},"21":{"start":{"line":33,"column":2},"end":{"line":35,"column":4}},"22":{"start":{"line":34,"column":4},"end":{"line":34,"column":39}},"23":{"start":{"line":37,"column":0},"end":{"line":58,"column":6}},"24":{"start":{"line":38,"column":14},"end":{"line":54,"column":5}},"25":{"start":{"line":40,"column":4},"end":{"line":53,"column":17}},"26":{"start":{"line":41,"column":6},"end":{"line":52,"column":7}},"27":{"start":{"line":41,"column":16},"end":{"line":52,"column":7}},"28":{"start":{"line":43,"column":10},"end":{"line":43,"column":39}},"29":{"start":{"line":44,"column":10},"end":{"line":44,"column":29}},"30":{"start":{"line":45,"column":10},"end":{"line":45,"column":50}},"31":{"start":{"line":47,"column":10},"end":{"line":47,"column":39}},"32":{"start":{"line":48,"column":10},"end":{"line":48,"column":44}},"33":{"start":{"line":51,"column":10},"end":{"line":51,"column":34}},"34":{"start":{"line":55,"column":2},"end":{"line":57,"column":4}},"35":{"start":{"line":56,"column":4},"end":{"line":56,"column":40}},"36":{"start":{"line":59,"column":0},"end":{"line":80,"column":6}},"37":{"start":{"line":60,"column":14},"end":{"line":76,"column":5}},"38":{"start":{"line":62,"column":4},"end":{"line":75,"column":17}},"39":{"start":{"line":63,"column":6},"end":{"line":74,"column":7}},"40":{"start":{"line":63,"column":16},"end":{"line":74,"column":7}},"41":{"start":{"line":65,"column":10},"end":{"line":65,"column":39}},"42":{"start":{"line":66,"column":10},"end":{"line":66,"column":29}},"43":{"start":{"line":67,"column":10},"end":{"line":67,"column":51}},"44":{"start":{"line":69,"column":10},"end":{"line":69,"column":40}},"45":{"start":{"line":70,"column":10},"end":{"line":70,"column":45}},"46":{"start":{"line":73,"column":10},"end":{"line":73,"column":34}},"47":{"start":{"line":77,"column":2},"end":{"line":79,"column":4}},"48":{"start":{"line":78,"column":4},"end":{"line":78,"column":40}},"49":{"start":{"line":81,"column":15},"end":{"line":81,"column":21}},"50":{"start":{"line":82,"column":0},"end":{"line":82,"column":30}}},"fnMap":{"0":{"name":"(anonymous_0)","decl":{"start":{"line":15,"column":76},"end":{"line":15,"column":77}},"loc":{"start":{"line":15,"column":88},"end":{"line":36,"column":1}},"line":15},"1":{"name":"_callee","decl":{"start":{"line":16,"column":100},"end":{"line":16,"column":107}},"loc":{"start":{"line":16,"column":118},"end":{"line":32,"column":3}},"line":16},"2":{"name":"_callee$","decl":{"start":{"line":18,"column":49},"end":{"line":18,"column":57}},"loc":{"start":{"line":18,"column":68},"end":{"line":31,"column":5}},"line":18},"3":{"name":"(anonymous_3)","decl":{"start":{"line":33,"column":9},"end":{"line":33,"column":10}},"loc":{"start":{"line":33,"column":28},"end":{"line":35,"column":3}},"line":33},"4":{"name":"(anonymous_4)","decl":{"start":{"line":37,"column":83},"end":{"line":37,"column":84}},"loc":{"start":{"line":37,"column":95},"end":{"line":58,"column":1}},"line":37},"5":{"name":"_callee2","decl":{"start":{"line":38,"column":101},"end":{"line":38,"column":109}},"loc":{"start":{"line":38,"column":120},"end":{"line":54,"column":3}},"line":38},"6":{"name":"_callee2$","decl":{"start":{"line":40,"column":49},"end":{"line":40,"column":58}},"loc":{"start":{"line":40,"column":70},"end":{"line":53,"column":5}},"line":40},"7":{"name":"(anonymous_7)","decl":{"start":{"line":55,"column":9},"end":{"line":55,"column":10}},"loc":{"start":{"line":55,"column":29},"end":{"line":57,"column":3}},"line":55},"8":{"name":"(anonymous_8)","decl":{"start":{"line":59,"column":84},"end":{"line":59,"column":85}},"loc":{"start":{"line":59,"column":96},"end":{"line":80,"column":1}},"line":59},"9":{"name":"_callee3","decl":{"start":{"line":60,"column":101},"end":{"line":60,"column":109}},"loc":{"start":{"line":60,"column":120},"end":{"line":76,"column":3}},"line":60},"10":{"name":"_callee3$","decl":{"start":{"line":62,"column":49},"end":{"line":62,"column":58}},"loc":{"start":{"line":62,"column":70},"end":{"line":75,"column":5}},"line":62},"11":{"name":"(anonymous_11)","decl":{"start":{"line":77,"column":9},"end":{"line":77,"column":10}},"loc":{"start":{"line":77,"column":29},"end":{"line":79,"column":3}},"line":77}},"branchMap":{"0":{"loc":{"start":{"line":19,"column":16},"end":{"line":30,"column":7}},"type":"switch","locations":[{"start":{"line":20,"column":8},"end":{"line":23,"column":44}},{"start":{"line":24,"column":8},"end":{"line":26,"column":38}},{"start":{"line":27,"column":8},"end":{"line":27,"column":15}},{"start":{"line":28,"column":8},"end":{"line":29,"column":33}}],"line":19},"1":{"loc":{"start":{"line":41,"column":16},"end":{"line":52,"column":7}},"type":"switch","locations":[{"start":{"line":42,"column":8},"end":{"line":45,"column":50}},{"start":{"line":46,"column":8},"end":{"line":48,"column":44}},{"start":{"line":49,"column":8},"end":{"line":49,"column":15}},{"start":{"line":50,"column":8},"end":{"line":51,"column":34}}],"line":41},"2":{"loc":{"start":{"line":63,"column":16},"end":{"line":74,"column":7}},"type":"switch","locations":[{"start":{"line":64,"column":8},"end":{"line":67,"column":51}},{"start":{"line":68,"column":8},"end":{"line":70,"column":45}},{"start":{"line":71,"column":8},"end":{"line":71,"column":15}},{"start":{"line":72,"column":8},"end":{"line":73,"column":34}}],"line":63}},"s":{"0":1,"1":1,"2":1,"3":1,"4":1,"5":1,"6":1,"7":1,"8":1,"9":1,"10":1,"11":1,"12":1,"13":2,"14":2,"15":1,"16":1,"17":1,"18":1,"19":1,"20":1,"21":1,"22":1,"23":1,"24":1,"25":1,"26":2,"27":2,"28":1,"29":1,"30":1,"31":1,"32":1,"33":1,"34":1,"35":1,"36":1,"37":1,"38":0,"39":0,"40":0,"41":0,"42":0,"43":0,"44":0,"45":0,"46":0,"47":1,"48":0,"49":1,"50":1},"f":{"0":1,"1":1,"2":2,"3":1,"4":1,"5":1,"6":2,"7":1,"8":1,"9":0,"10":0,"11":0},"b":{"0":[1,1,1,1],"1":[1,1,1,1],"2":[0,0,0,0]},"inputSourceMap":{"version":3,"names":["router","express","Router","pageReg","get","asyncHandler","req","res","id","parseInt","params","getMovie","movie","status","json","getMovieImages","movieImages","getMovieReviews","movieReviews"],"sourceRoot":"C:\\Personal\\Project\\VS code\\movies-api\\api\\movies\\tmdb\\","sources":["index.js"],"sourcesContent":["import {  getMovie, getMovieImages, getMovieReviews } from \"../../tmdb-api\";\r\nimport asyncHandler from 'express-async-handler';\r\nimport express from 'express';\r\n\r\nconst router = express.Router();\r\nconst pageReg = /^([1-9]|1[0-5])$/;\r\n\r\nrouter.get('/movie/:id', asyncHandler(async (req, res) => {\r\n    const id = parseInt(req.params.id);\r\n    const movie = await getMovie(id);\r\n    res.status(200).json(movie);\r\n\r\n}));\r\n\r\nrouter.get('/movie/:id/images', asyncHandler(async (req, res) => {\r\n    const id = parseInt(req.params.id);\r\n    const movieImages = await getMovieImages(id);\r\n    res.status(200).json(movieImages);\r\n\r\n}));\r\n\r\nrouter.get('/movie/:id/reviews', asyncHandler(async (req, res) => {\r\n    const id = parseInt(req.params.id);\r\n    const movieReviews = await getMovieReviews(id);\r\n    res.status(200).json(movieReviews);\r\n\r\n}));\r\nexport default router;"],"mappings":";;;;;;;;;AAAA;AACA;AACA;AAEA,IAAMA,MAAM,GAAGC,mBAAO,CAACC,MAAM,EAAE;AAC/B,IAAMC,OAAO,GAAG,kBAAkB;AAElCH,MAAM,CAACI,GAAG,CAAC,YAAY,EAAE,IAAAC,+BAAY;EAAA,yFAAC,iBAAOC,GAAG,EAAEC,GAAG;IAAA;IAAA;MAAA;QAAA;UAC3CC,EAAE,GAAGC,QAAQ,CAACH,GAAG,CAACI,MAAM,CAACF,EAAE,CAAC;UAAA;UAAA,OACd,IAAAG,iBAAQ,EAACH,EAAE,CAAC;QAAA;UAA1BI,KAAK;UACXL,GAAG,CAACM,MAAM,CAAC,GAAG,CAAC,CAACC,IAAI,CAACF,KAAK,CAAC;QAAC;QAAA;UAAA;MAAA;IAAA;EAAA,CAE/B;EAAA;IAAA;EAAA;AAAA,IAAC,CAAC;AAEHZ,MAAM,CAACI,GAAG,CAAC,mBAAmB,EAAE,IAAAC,+BAAY;EAAA,0FAAC,kBAAOC,GAAG,EAAEC,GAAG;IAAA;IAAA;MAAA;QAAA;UAClDC,EAAE,GAAGC,QAAQ,CAACH,GAAG,CAACI,MAAM,CAACF,EAAE,CAAC;UAAA;UAAA,OACR,IAAAO,uBAAc,EAACP,EAAE,CAAC;QAAA;UAAtCQ,WAAW;UACjBT,GAAG,CAACM,MAAM,CAAC,GAAG,CAAC,CAACC,IAAI,CAACE,WAAW,CAAC;QAAC;QAAA;UAAA;MAAA;IAAA;EAAA,CAErC;EAAA;IAAA;EAAA;AAAA,IAAC,CAAC;AAEHhB,MAAM,CAACI,GAAG,CAAC,oBAAoB,EAAE,IAAAC,+BAAY;EAAA,0FAAC,kBAAOC,GAAG,EAAEC,GAAG;IAAA;IAAA;MAAA;QAAA;UACnDC,EAAE,GAAGC,QAAQ,CAACH,GAAG,CAACI,MAAM,CAACF,EAAE,CAAC;UAAA;UAAA,OACP,IAAAS,wBAAe,EAACT,EAAE,CAAC;QAAA;UAAxCU,YAAY;UAClBX,GAAG,CAACM,MAAM,CAAC,GAAG,CAAC,CAACC,IAAI,CAACI,YAAY,CAAC;QAAC;QAAA;UAAA;MAAA;IAAA;EAAA,CAEtC;EAAA;IAAA;EAAA;AAAA,IAAC,CAAC;AAAC,eACWlB,MAAM;AAAA"},"_coverageSchema":"1a1c01bbd47fc00a2c39e90264f33305004495a9","hash":"d9db50e2d31d866e828ebf2575ae1094b974ef10","contentHash":"2aa35f7ab850197335b165511e58a4e079065460c9df133b5df6aecb2a3ca4e2"}}